################################################################################
#
# This file has been generated by SpyGlass:
#     Report Created by: xph3app604
#     Report Created on: Mon Jan  8 10:50:40 2018
#     Working Directory: /tp/xph3app/xph3app604/Projet_3A/RTL/spyglass/REPORTS
#     Report Location  : ./spyglass-1/lint/lint_rtl/spyglass_reports/SpyGlass/elab_summary.rpt
#     SpyGlass Version : 5.6.0
#     Policy Name      : SpyGlass(5.6.0)
#     Comment          : This report contains RTL and Elaborated names along with parameter values
#
################################################################################

================================================================================
Elaborated Name: 'core'
    (RTL Design Unit name: 'CORE', ../../vhd/core.vhd:11)
     Parameters (Total: 1)
	       N_parents = 10 (default: 10)
     Instances (Total: 6): Network.N6, Network.N5, Network.N4, Network.N3, Network.N2  ... more

================================================================================

Elaborated Name: 'gateway'
    (RTL Design Unit name: 'GATEWAY', ../../vhd/gateway.vhd:11)
     Parameters (Total: 1)
	       N_parents = 10 (default: 10)
     Instances (Total: 6): Network.N6.G0, Network.N5.G0, Network.N4.G0, Network.N3.G0, Network.N2.G0  ... more

================================================================================

Elaborated Name: 'memory'
    (RTL Design Unit name: 'Memory', ../../vhd/Memory.vhd:11)
     Parameters (Total: 0)
     Instances (Total: 6): Network.N6.MEM0, Network.N5.MEM0, Network.N4.MEM0, Network.N3.MEM0, Network.N2.MEM0  ... more

================================================================================

Elaborated Name: 'Network'
    (RTL Design Unit name: 'Network', ../../vhd/network.vhd:11)
     Parameters (Total: 1)
	       N_parents = 10 (default: 10)
================================================================================
