Model Technology ModelSim - Intel FPGA Edition vmap 10.5c Lib Mapping Utility 2017.01 Jan 23 2017
vmap lib_VHD /home/floriant/Projet_3A/RTL/libs/lib_VHD 
Modifying /home/floriant/Projet_3A/RTL/modelsim.ini
Model Technology ModelSim - Intel FPGA Edition vcom 10.5c Compiler 2017.01 Jan 23 2017
Start time: 08:41:54 on Jan 11,2018
vcom -work lib_VHD "+cover" /home/floriant/Projet_3A/RTL/vhd/core.vhd /home/floriant/Projet_3A/RTL/vhd/gateway.vhd /home/floriant/Projet_3A/RTL/vhd/Memory.vhd /home/floriant/Projet_3A/RTL/vhd/network.vhd 
-- Loading package STANDARD
-- Loading package TEXTIO
-- Loading package std_logic_1164
-- Loading package NUMERIC_STD
-- Compiling entity CORE
-- Compiling architecture A of CORE
-- Compiling entity GATEWAY
-- Compiling architecture A of GATEWAY
** Note: (vcom-143) Recognized 1 FSM in architecture body "GATEWAY(A)".
-- Compiling entity Memory
-- Compiling architecture A of Memory
** Note: (vcom-143) Recognized 1 FSM in architecture body "Memory(A)".
-- Compiling entity Network
-- Compiling architecture A of Network
End time: 08:41:54 on Jan 11,2018, Elapsed time: 0:00:00
Errors: 0, Warnings: 0
