SpyGlass run started at 10:40:07 AM on Jan 08 2018 

SpyGlass Predictive Analyzer(R) - Version 5.6.0
Last compiled on Dec 15 2015

All Rights Reserved. Use, disclosure or duplication
without prior written permission of Synopsys Inc. is prohibited.
Technical support: email spyglass_support@synopsys.com.


Running SpyGlass 64-bit Executable: /softl3/spyglass5_6_0/SpyGlass-5.6.0/SPYGLASS_HOME/obj/check.Linux4

RULE-CHECKING IN MIXED MODE
Loading Policy: spyglass (Version: 5.6.0) from path: /softl3/spyglass5_6_0/SpyGlass-5.6.0/SPYGLASS_HOME/policies/spyglass
Loading Shared library libspyglassrules-Linux4.spyso from /softl3/spyglass5_6_0/SpyGlass-5.6.0/SPYGLASS_HOME/lib/libspyglassrules-Linux4.spyso 
Loading Shared library libsdcInitRules-Linux4.spyso from /softl3/spyglass5_6_0/SpyGlass-5.6.0/SPYGLASS_HOME/lib/libsdcInitRules-Linux4.spyso 
Loading Shared library librmerules-Linux4.spyso from /softl3/spyglass5_6_0/SpyGlass-5.6.0/SPYGLASS_HOME/lib/librmerules-Linux4.spyso 
##build_id : 5.6.0
##system   : Linux cimeld15 3.2.0-4-amd64 #1 SMP Debian 3.2.68-1+deb7u3 x86_64
##cwd      : /tp/xph3app/xph3app604/Projet_3A/RTL/spyglass/REPORTS
##lang     : Verilog+VHDL
##args     : -mSpyGlass::Compatibility::v2_7_3 \
             -mSpyGlass::Compatibility::v2_7_3 \
             -mSpyGlass::Compatibility::v2_7_3 \
             -I '/softslin/spyglass5_6_0/SpyGlass-5.6.0/SPYGLASS_PHYSICAL_HOME/common/sgphysical/policies/physical' \
             -nl \
             -wdir './spyglass-1/Design_Read' \
             -lib WORK ./spyglass-1/WORK \
             -awl './spyglass-1/spyglass-1_waiver_file.awl' \
             -mixed \
             -batch \
             -policy='none' \
             --goal_info 'Design_Read@' \
             -projectwdir './spyglass-1' \
             -templatedir '/softl3/spyglass5_6_0/SpyGlass-5.6.0/SPYGLASS_HOME/auxi/policy_data/spyglass/design_read' \
             --template_info 'Design_Read' \
             -64bit  \
             ../../vhd/core.vhd \
             ../../vhd/gateway.vhd \
             ../../vhd/Memory.vhd \
             ../../vhd/network.vhd

##verbosity level   : 2
##exact cmdline arg : -batch -project spyglass-1.prj -designread  -64bit
##spyglass_run.csh begins :
;	cd /tp/xph3app/xph3app604/Projet_3A/RTL/spyglass/REPORTS
;	setenv ATRENTA_LICENSE_FILE 1721@cimekey1
;	setenv SPYGLASS_LD_PRELOAD /softl3/spyglass5_6_0/SpyGlass-5.6.0/SPYGLASS_HOME/lib/libsgjemalloc-Linux4.so
;	setenv SPYGLASS_DW_PATH /softl3/spyglass5_6_0/SpyGlass-5.6.0/SPYGLASS_HOME/dw_support
;	/softl3/spyglass5_6_0/SpyGlass-5.6.0/SPYGLASS_HOME/bin/spyglass  -batch -project spyglass-1.prj -designread  -64bit
##spyglass_run.csh ends
##files    : ../../vhd/core.vhd \
             ../../vhd/gateway.vhd \
             ../../vhd/Memory.vhd \
             ../../vhd/network.vhd


INFO [76]    Using `./spyglass-1/WORK/64' as the Work Directory for 64bit precompiled dump.
Checking Rule ZeroSizeFile (Rule 1 of total 98) .... done (Time = 0.00s, Memory = 0.0K)
Checking Rule PrecompileLibCheck01 (Rule 2 of total 98) .... done (Time = 0.00s, Memory = -0.5K)
Checking Rule PrecompileLibCheck02 (Rule 3 of total 98) .... done (Time = 0.00s, Memory = 3.0K)
Checking Rule PrecompileLibCheck03 (Rule 4 of total 98) .... done (Time = 0.00s, Memory = 0.0K)
Checking Rule PrecompileLibCheck04 (Rule 5 of total 98) .... done (Time = 0.00s, Memory = 0.0K)
Checking Rule SGDC_assume_path01 (Rule 6 of total 98) .... done (Time = 0.00s, Memory = 0.0K)
Checking Rule SGDC_sdcschema02 (Rule 7 of total 98) .... done (Time = 0.01s, Memory = 8.9K)
Checking Rule SGDC_clock05 (Rule 8 of total 98) .... done (Time = 0.00s, Memory = -0.1K)
Checking Rule SGDC_clock09 (Rule 9 of total 98) .... done (Time = 0.00s, Memory = 0.0K)
Checking Rule SGDC_force_ta05 (Rule 10 of total 98) .... done (Time = 0.00s, Memory = -1.2K)
Checking Rule SGDC_require_path03 (Rule 11 of total 98) .... done (Time = 0.00s, Memory = 0.0K)
Checking Rule SGDC_require_value03 (Rule 12 of total 98) .... done (Time = 0.00s, Memory = 0.0K)
Checking Rule SGDC_voltagedomain05 (Rule 13 of total 98) .... done (Time = 0.00s, Memory = -0.2K)
Checking Rule SGDC_voltagedomain06 (Rule 14 of total 98) .... done (Time = 0.00s, Memory = 0.0K)
Checking Rule SGDC_voltagedomain07 (Rule 15 of total 98) .... done (Time = 0.00s, Memory = 18.9K)
Checking Rule SGDC_powerdomainoutputs02 (Rule 16 of total 98) .... done (Time = 0.00s, Memory = 0.8K)
Checking Rule SGDC_supply01 (Rule 17 of total 98) .... done (Time = 0.00s, Memory = 17.6K)
Checking Rule SGDC_waive01 (Rule 18 of total 98) .... done (Time = 0.00s, Memory = 3.8K)
Checking Rule SGDC_waive02 (Rule 19 of total 98) .... done (Time = 0.00s, Memory = 0.0K)
Checking Rule SGDC_waive03 (Rule 20 of total 98) .... done (Time = 0.00s, Memory = 0.0K)
Checking Rule SGDC_waive04 (Rule 21 of total 98) .... done (Time = 0.00s, Memory = 0.0K)
Checking Rule SGDC_waive05 (Rule 22 of total 98) .... done (Time = 0.00s, Memory = 0.0K)
Checking Rule SGDC_waive06 (Rule 23 of total 98) .... done (Time = 0.00s, Memory = 0.0K)
Checking Rule SGDC_waive07 (Rule 24 of total 98) .... done (Time = 0.00s, Memory = 0.0K)
Checking Rule SGDC_waive08 (Rule 25 of total 98) .... done (Time = 0.00s, Memory = 0.0K)
Checking Rule SGDC_waive09 (Rule 26 of total 98) .... done (Time = 0.00s, Memory = 0.0K)
Checking Rule SGDC_waive10 (Rule 27 of total 98) .... done (Time = 0.00s, Memory = 0.0K)
Checking Rule SGDC_waive11 (Rule 28 of total 98) .... done (Time = 0.00s, Memory = 0.0K)
Checking Rule SGDC_waive12 (Rule 29 of total 98) .... done (Time = 0.00s, Memory = 8.0K)
Checking Rule SGDC_waive13 (Rule 30 of total 98) .... done (Time = 0.00s, Memory = -8.0K)
Checking Rule SGDC_waive21 (Rule 31 of total 98) .... done (Time = 0.00s, Memory = 0.0K)
Checking Rule SGDC_waive22 (Rule 32 of total 98) .... done (Time = 0.00s, Memory = 0.0K)
Checking Rule SGDC_waive30 (Rule 33 of total 98) .... done (Time = 0.00s, Memory = 0.0K)
Checking Rule SGDC_waive32 (Rule 34 of total 98) .... done (Time = 0.00s, Memory = 0.0K)
Checking Rule SGDC_waive33 (Rule 35 of total 98) .... done (Time = 0.00s, Memory = 0.0K)
Checking Rule SGDC_waive36 (Rule 36 of total 98) .... done (Time = 0.00s, Memory = 0.0K)
Checking Rule SGDC_waive38 (Rule 37 of total 98) .... done (Time = 0.00s, Memory = 0.0K)
Checking Rule SGDC_fifo01 (Rule 38 of total 98) .... done (Time = 0.00s, Memory = 0.0K)
Checking Rule SGDC_libgroup01 (Rule 39 of total 98) .... done (Time = 0.00s, Memory = 0.0K)
Checking Rule SGDC_libgroup02 (Rule 40 of total 98) .... done (Time = 0.00s, Memory = 0.0K)
Checking Rule SGDC_libgroup04 (Rule 41 of total 98) .... done (Time = 0.00s, Memory = 0.0K)
Checking Rule SGDC_power_data01 (Rule 42 of total 98) .... done (Time = 0.00s, Memory = 15.0K)
Checking Rule SGDC_ungroup01 (Rule 43 of total 98) .... done (Time = 0.00s, Memory = -21.0K)
Checking Rule SGDC_abstract_port06 (Rule 44 of total 98) .... done (Time = 0.00s, Memory = 15.0K)
Checking Rule SGDC_abstract_port14 (Rule 45 of total 98) .... done (Time = 0.00s, Memory = 0.0K)
Checking Rule SGDC_abstract_port15 (Rule 46 of total 98) .... done (Time = 0.00s, Memory = 0.0K)
Checking Rule SGDC_abstract_port18 (Rule 47 of total 98) .... done (Time = 0.00s, Memory = 0.0K)
Checking Rule sdc_init_rule (Rule 48 of total 98) .... done (Time = 0.00s, Memory = 80.6K)
Checking Rule CMD_ignorelibs01 (Rule 49 of total 98) .... done (Time = 0.00s, Memory = 0.0K)
Checking Rule ReportRuleNotRun (Rule 50 of total 98) .... done (Time = 0.00s, Memory = -4.5K)
Checking Rule ReportStopSummary (Rule 51 of total 98) .... done (Time = 0.00s, Memory = 0.0K)
Checking Rule ReportIgnoreSummary (Rule 52 of total 98) .... done (Time = 0.00s, Memory = 0.0K)
##SGDEBUG [BENCHMARK_ABSOLUTE]: Analysis started: 1 sec, 625490 KB, 2265764 KB
##SGDEBUG [BENCHMARK_INCR]: Analysis started: 1 sec, 625490 KB, 2265764 KB
 Analyzing input file "../../vhd/core.vhd" ...
 Analyzing input file "../../vhd/gateway.vhd" ...
 Analyzing input file "../../vhd/Memory.vhd" ...
 Analyzing input file "../../vhd/network.vhd" ...
##SGDEBUG [BENCHMARK_ABSOLUTE]: Analysis finished: 1 sec, 696788 KB, 2335652 KB
##SGDEBUG [BENCHMARK_INCR]: Analysis finished: 0 sec, 71298 KB, 69888 KB
##SGDEBUG [BENCHMARK_ABSOLUTE]: Elaboration started: 1 sec, 696789 KB, 2335652 KB
##SGDEBUG [BENCHMARK_INCR]: Elaboration started: 0 sec, 1 KB, 0 KB
 Elaborating Top VHDL Design Unit 'Network.A' .....
 done
##SGDEBUG [BENCHMARK_ABSOLUTE]: Elaboration finished: 1 sec, 762952 KB, 2401700 KB
##SGDEBUG [BENCHMARK_INCR]: Elaboration finished: 0 sec, 66163 KB, 66048 KB
##SGDEBUG [BENCHMARK_ABSOLUTE]: RTL Semantic Checker started: 1 sec, 762952 KB, 2401700 KB
##SGDEBUG [BENCHMARK_INCR]: RTL Semantic Checker started: 0 sec, 0 KB, 0 KB
##SGDEBUG [BENCHMARK_ABSOLUTE]: RTL Semantic Checker finished: 1 sec, 762952 KB, 2401700 KB
##SGDEBUG [BENCHMARK_INCR]: RTL Semantic Checker finished: 0 sec, 0 KB, 0 KB
Checking Rule ElabSummary (Rule 53 of total 98)##FILEDEBUG[sgOpenFile]: Opening File './spyglass-1/Design_Read/spyglass_reports/SpyGlass/elab_summary.rpt' in "w" mode ...
##FILEDEBUG[sgCloseFile]: File './spyglass-1/Design_Read/spyglass_reports/SpyGlass/elab_summary.rpt' closed.
 .... done (Time = 0.00s, Memory = -0.8K)
Checking Rule ReportCheckDataSummary (Rule 54 of total 98) .... done (Time = 0.00s, Memory = 0.0K)
 Reading waiver file "./spyglass-1/Design_Read/spyglass_spysch/constraint/spg_autogenerated_waivers.sgdc" ...
 Generating SGDC file "./spyglass-1/Design_Read/spyglass_spysch/constraint/pragma2Constraint.sgdc" from pragmas in HDL source files ....
 Generating WAIVER file "./spyglass-1/Design_Read/spyglass_spysch/waiver/pragma2Waiver.swl" from pragmas in HDL source files ....
Checking Rule SGDC_waive37 (Rule 55 of total 98) .... done (Time = 0.00s, Memory = 0.6K)
Checking Rule SGDC_waive35 (Rule 56 of total 98) .... done (Time = 0.00s, Memory = 0.0K)
Checking Rule DetectTopDesignUnits (Rule 57 of total 98) Detected 1 top level design units: 
     Network.A
 .... done (Time = 0.00s, Memory = 4.8K)
Performing semantic checks on SGDC contents
..... SGDC semantic checks completed. (Time = 0.00s, Memory = 52.0K)
Checking Rule SGDC_testmode03 (Rule 58 of total 98) .... done (Time = 0.00s, Memory = 0.1K)
Checking Rule ReportObsoletePragmas (Rule 59 of total 98) .... done (Time = 0.00s, Memory = 0.0K)
Checking Rule checkSGDC_01 (Rule 60 of total 98) .... done (Time = 0.00s, Memory = 0.0K)
Checking Rule checkSGDC_03 (Rule 61 of total 98) .... done (Time = 0.00s, Memory = 0.0K)
Checking Rule checkSGDC_08 (Rule 62 of total 98) .... done (Time = 0.00s, Memory = 0.0K)
Checking Rule GenerateConfMap (Rule 63 of total 98) .... done (Time = 0.00s, Memory = 0.0K)
Checking Rule SGDC_memorywritepin04 (Rule 64 of total 98) .... done (Time = 0.00s, Memory = 15.0K)
Checking Rule SGDC_reset02 (Rule 65 of total 98) .... done (Time = 0.00s, Memory = 15.0K)
Checking Rule SGDC_reset03 (Rule 66 of total 98) .... done (Time = 0.00s, Memory = 0.0K)
Checking Rule SGDC_libgroup03 (Rule 67 of total 98) .... done (Time = 0.00s, Memory = 0.0K)
Checking Rule SGDC_ungroup02 (Rule 68 of total 98) .... done (Time = 0.00s, Memory = 0.0K)
Checking Rule HdlLibDuCheck (Rule 69 of total 98) .... done (Time = 0.00s, Memory = 0.0K)
Checking Rule RtlDesignInfo (Rule 70 of total 98)
##SGDEBUG [BENCHMARK_DATA]: Number of RTL Design Units = 4
 .... done (Time = 0.00s, Memory = 0.2K)
Checking Rule CheckCelldefine (Rule 71 of total 98) .... done (Time = 0.00s, Memory = 0.0K)
Checking Rule SGDC_waive23 (Rule 72 of total 98) .... done (Time = 0.00s, Memory = 0.0K)
Checking Rule SGDC_waive26 (Rule 73 of total 98) .... done (Time = 0.00s, Memory = 0.3K)
Checking Rule SGDC_waive27 (Rule 74 of total 98) .... done (Time = 0.00s, Memory = 8.0K)
Checking Rule SGDC_waive29 (Rule 75 of total 98) .... done (Time = 0.00s, Memory = 0.0K)
Checking Rule AnalyzeBBox (Rule 76 of total 98) .... done (Time = 0.01s, Memory = 0.1K)
Checking Rule ReportCheckDataSummary (Rule 54 of total 98) .... done (Time = 0.00s, Memory = 0.0K)
Checking Rule SGDC_waive24 (Rule 77 of total 98) .... done (Time = 0.00s, Memory = 0.0K)
Checking Rule SGDC_waive25 (Rule 78 of total 98) .... done (Time = 0.00s, Memory = 0.0K)
Checking Rule SGDC_waive31 (Rule 79 of total 98) .... done (Time = 0.00s, Memory = 0.0K)

Applying user specified and internally generated waivers on violation database .... done (Time = 0.00s)

Generating data for Console...
##SGDEBUG [PEAK_MEMORY]: 2401700 KB for entire run at 'Elaboration finished' stage
##SGDEBUG [VMPEAK_MEMORY]: 2733860 KB for entire run
##SGDEBUG [BENCHMARK_ABSOLUTE]: Rule checking finished: 2 sec, 764160 KB, 2394532 KB
##SGDEBUG [BENCHMARK_INCR]: Rule checking finished: 1 sec, 1208 KB, -7168 KB


=====================================================================================
							Rule Parameter Table
=====================================================================================

	PARAMETER-NAME                                     VALUE
-------------------------------------------------------------------------------------
	-allow_clock_on_output_port                        no
	-check_clock_group_violations                      no
	-debug_proc                                        no
	-force_genclk_for_txv                              no
	-library_gen_clock_naming                          no
	-netlist_clock_polarity                            yes
	-preserve_path                                     no
	-pt                                                no
	-show_all_sdc_violations                           no
	-show_sdc_progress                                 no
	-suppress_sdc_violation_in_abstract                no
	-truncate_through                                  yes
	-write_sdc                                         no
=====================================================================================



=====================================================================================
                               Rule Status Table

 RULE-NAME                      POLICY-NAME     ENABLED VIOL-CNT RULE-TYPE   ERROR-MSG         
=====================================================================================
 ElabSummary                    SpyGlass        Yes            1 SETUP          -               
-------------------------------------------------------------------------------------
Note: VSDU type of rules (as seen in the above table) are not run on
      unsynthesized modules reported by 'ErrorAnalyzeBBox/InfoAnalyzeBBox' messages
      (Please see messages starting with keyword 'UnsynthesizedDU')

##status : SpyGlass Rule Checking Complete.

---------------------------------------------------------------------------------------------
Results Summary:
---------------------------------------------------------------------------------------------
   Goal Run           :      Design_Read
   Command-line read  :      0 error,      0 warning,      0 information message 
   Design Read        :      0 error,      0 warning,      1 information message 
      Found 1 top module:
         Network.A   (file: ../../vhd/network.vhd)

   Blackbox Resolution:      0 error,      0 warning,      0 information message 
   SGDC Checks        :      0 error,      0 warning,      0 information message 
   -------------------------------------------------------------------------------------
   Total              :      0 error,      0 warning,      1 information message 

  Total Number of Generated Messages     :         2 (0 error, 0 warning, 2 Infos)
  Number of Waived Messages              :         1 (0 error, 0 warning, 1 Info)
  Number of Reported Messages            :         1 (0 error, 0 warning, 1 Info)

---------------------------------------------------------------------------------------------



SpyGlass Rule Checking Complete.

Generating moresimple report from './spyglass-1/Design_Read/spyglass.vdb' to './spyglass-1/Design_Read/spyglass_reports/moresimple.rpt' ....

Generating runsummary report from './spyglass-1/Design_Read/spyglass.vdb' ....

Generating no_msg_reporting_rules report from './spyglass-1/Design_Read/spyglass.vdb' to './spyglass-1/Design_Read/spyglass_reports/no_msg_reporting_rules.rpt' ....

Generating waiver report from './spyglass-1/Design_Read/spyglass.vdb' to './spyglass-1/Design_Read/spyglass_reports/waiver.rpt' ....

Policy specific data (reports) are present in the directory './spyglass-1/Design_Read/spyglass_reports'.

SpyGlass critical reports for the current run are present in directory './spyglass-1/consolidated_reports/Design_Read/'.


---------------------------------------------------------------------------------------------------
Results Summary:
---------------------------------------------------------------------------------------------------
   Goal Run           :      Design_Read
   Top Module         :      Network
---------------------------------------------------------------------------------------------------
   Reports Directory: 
   /tp/xph3app/xph3app604/Projet_3A/RTL/spyglass/REPORTS/spyglass-1/consolidated_reports/Design_Read/ 

   SpyGlass LogFile: 
    /tp/xph3app/xph3app604/Projet_3A/RTL/spyglass/REPORTS/spyglass-1/Design_Read/spyglass.log 

   Standard Reports: 
     waiver.rpt          moresimple.rpt          no_msg_reporting_rules.rpt       

   HTML report:
    /tp/xph3app/xph3app604/Projet_3A/RTL/spyglass/REPORTS/spyglass-1/html_reports/goals_summary.html
  

   Technology Reports:  
     <Not Available>
   
   
---------------------------------------------------------------------------------------------------
   Goal Violation Summary:
       Waived   Messages:                      0 Errors,      0 Warnings,      1 Infos
       Reported Messages:         0 Fatals,    0 Errors,      0 Warnings,      1 Infos
---------------------------------------------------------------------------------------------------
   
---------------------------------------------------------------------------------------------------
 
SpyGlass Exit Code 0 (Rule-checking completed without errors or warnings)
SpyGlass total run-time is 0:0:2 (2 secs)
SpyGlass run completed at 10:50:22 AM on Jan 08 2018
