
################################################################################
#
# This file has been generated by SpyGlass:
#     Report Name      : waiver
#     Report Created by: xph3app604
#     Report Created on:  Mon Jan  8 10:50:49 2018
#     Working Directory: /tp/xph3app/xph3app604/Projet_3A/RTL/spyglass/REPORTS
#     SpyGlass Version : 5.6.0
#     Policy Name      : SpyGlass(5.6.0)
#                        lint(5.6.0)
#
#     Total Number of Generated Messages :          3
#     Number of Waived Messages          :          1
#     Number of Reported Messages        :          2
#     Number of Overlimit Messages       :          0
#
#     Total Number of Waivers                            :          1
#     Number of Waivers Applied                          :          1
#     Number of Waivers with Regex and/or wildcard       :          0
#     Number of Waivers with -rule                       :          1
#     Number of Waivers with line number and/or file info:          0
#     Number of Waive -IP commands                       :          0
#
#
################################################################################

WAIVER REPORT:
+++++++++++++++++++++++++++++++++++++++++++++++++++++++++++++++++++++++++++++++

Design Issues Waiver Report
+++++++++++++++++++++++++++++++++++++++++++++++++++++++++++++++++++++++++++++++

Waiver comment : Created by xph3app604 on 08-Jan-2018 10:42:11
waive -du "Network.A" \
      -rule "ALL" 
#spg_backref : "./spyglass-1/spyglass-1_waiver_file.awl" 1

1 message(s) waived:
===============================================================================
Index    Rule                 Severity File                  Line Wt Message
===============================================================================
[1]      DetectTopDesignUnits Info     ../../vhd/network.vhd 30   2  Architecture Network.A is a top level design unit
===============================================================================

