#-----------------------------------------------------------
# Vivado v2017.1 (64-bit)
# SW Build 1846317 on Fri Apr 14 18:54:47 MDT 2017
# IP Build 1846188 on Fri Apr 14 20:52:08 MDT 2017
# Start of session at: Mon Dec 18 08:19:45 2017
# Process ID: 20130
# Current directory: /tp/xph3app/xph3app604/Projet_3A/Vivado
# Command line: vivado
# Log file: /tp/xph3app/xph3app604/Projet_3A/Vivado/vivado.log
# Journal file: /tp/xph3app/xph3app604/Projet_3A/Vivado/vivado.jou
#-----------------------------------------------------------
start_gui
open_project /tp/xph3app/xph3app604/Projet_3A/Vivado/project_1/project_1.xpr
Scanning sources...
Finished scanning sources
INFO: [IP_Flow 19-234] Refreshing IP repositories
INFO: [IP_Flow 19-1704] No user IP repositories specified
INFO: [IP_Flow 19-2313] Loaded Vivado IP repository '/softslin/vivado_17.1/Vivado/2017.1/data/ip'.
open_project: Time (s): cpu = 00:00:09 ; elapsed = 00:00:07 . Memory (MB): peak = 5999.445 ; gain = 78.262 ; free physical = 5048 ; free virtual = 16789
update_compile_order -fileset sources_1
close_project
create_project project_BN /tp/xph3app/xph3app604/Projet_3A/Vivado/project_BN -part xc7z020clg484-1
INFO: [IP_Flow 19-234] Refreshing IP repositories
INFO: [IP_Flow 19-1704] No user IP repositories specified
INFO: [IP_Flow 19-2313] Loaded Vivado IP repository '/softslin/vivado_17.1/Vivado/2017.1/data/ip'.
set_property target_language VHDL [current_project]
add_files -norecurse -scan_for_includes {/tp/xph3app/xph3app604/Projet_3A/FPGA/vhd/MUX_analogique.vhd /tp/xph3app/xph3app604/Projet_3A/FPGA/vhd/ring_loop.vhd}
import_files -force -norecurse
INFO: [filemgmt 20-348] Importing the appropriate files for fileset: 'sources_1'
update_compile_order -fileset sources_1
open_hw
connect_hw_server
INFO: [Labtools 27-2285] Connecting to hw_server url TCP:localhost:3121
INFO: [Labtools 27-2222] Launching hw_server...
INFO: [Labtools 27-2221] Launch Output:

****** Xilinx hw_server v2017.1
  **** Build date : Apr 14 2017-19:01:52
    ** Copyright 1986-2017 Xilinx, Inc. All Rights Reserved.


disconnect_hw_server localhost:3121
connect_hw_server
INFO: [Labtools 27-2285] Connecting to hw_server url TCP:localhost:3121
disconnect_hw_server localhost:3121
connect_hw_server
INFO: [Labtools 27-2285] Connecting to hw_server url TCP:localhost:3121
disconnect_hw_server localhost:3121
connect_hw_server
INFO: [Labtools 27-2285] Connecting to hw_server url TCP:localhost:3121
disconnect_hw_server localhost:3121
connect_hw_server
INFO: [Labtools 27-2285] Connecting to hw_server url TCP:localhost:3121
disconnect_hw_server localhost:3121
connect_hw_server
INFO: [Labtools 27-2285] Connecting to hw_server url TCP:localhost:3121
disconnect_hw_server localhost:3121
connect_hw_server
INFO: [Labtools 27-2285] Connecting to hw_server url TCP:localhost:3121
disconnect_hw_server localhost:3121
connect_hw_server
INFO: [Labtools 27-2285] Connecting to hw_server url TCP:localhost:3121
disconnect_hw_server localhost:3121
connect_hw_server
INFO: [Labtools 27-2285] Connecting to hw_server url TCP:localhost:3121
disconnect_hw_server localhost:3121
connect_hw_server
INFO: [Labtools 27-2285] Connecting to hw_server url TCP:localhost:3121
disconnect_hw_server localhost:3121
connect_hw_server
INFO: [Labtools 27-2285] Connecting to hw_server url TCP:localhost:3121
disconnect_hw_server localhost:3121
connect_hw_server
INFO: [Labtools 27-2285] Connecting to hw_server url TCP:localhost:3121
disconnect_hw_server localhost:3121
connect_hw_server
INFO: [Labtools 27-2285] Connecting to hw_server url TCP:localhost:3121
disconnect_hw_server localhost:3121
connect_hw_server
INFO: [Labtools 27-2285] Connecting to hw_server url TCP:localhost:3121
disconnect_hw_server localhost:3121
connect_hw_server
INFO: [Labtools 27-2285] Connecting to hw_server url TCP:localhost:3121
disconnect_hw_server localhost:3121
connect_hw_server
INFO: [Labtools 27-2285] Connecting to hw_server url TCP:localhost:3121
disconnect_hw_server localhost:3121
connect_hw_server
INFO: [Labtools 27-2285] Connecting to hw_server url TCP:localhost:3121
disconnect_hw_server localhost:3121
connect_hw_server
INFO: [Labtools 27-2285] Connecting to hw_server url TCP:localhost:3121
disconnect_hw_server localhost:3121
connect_hw_server
INFO: [Labtools 27-2285] Connecting to hw_server url TCP:localhost:3121
disconnect_hw_server localhost:3121
connect_hw_server
INFO: [Labtools 27-2285] Connecting to hw_server url TCP:localhost:3121
disconnect_hw_server localhost:3121
connect_hw_server
INFO: [Labtools 27-2285] Connecting to hw_server url TCP:localhost:3121
disconnect_hw_server localhost:3121
connect_hw_server
INFO: [Labtools 27-2285] Connecting to hw_server url TCP:localhost:3121
disconnect_hw_server localhost:3121
connect_hw_server
INFO: [Labtools 27-2285] Connecting to hw_server url TCP:localhost:3121
disconnect_hw_server localhost:3121
connect_hw_server
INFO: [Labtools 27-2285] Connecting to hw_server url TCP:localhost:3121
disconnect_hw_server localhost:3121
connect_hw_server
INFO: [Labtools 27-2285] Connecting to hw_server url TCP:localhost:3121
disconnect_hw_server localhost:3121
connect_hw_server
INFO: [Labtools 27-2285] Connecting to hw_server url TCP:localhost:3121
disconnect_hw_server localhost:3121
connect_hw_server
INFO: [Labtools 27-2285] Connecting to hw_server url TCP:localhost:3121
disconnect_hw_server localhost:3121
connect_hw_server
INFO: [Labtools 27-2285] Connecting to hw_server url TCP:localhost:3121
disconnect_hw_server localhost:3121
connect_hw_server
INFO: [Labtools 27-2285] Connecting to hw_server url TCP:localhost:3121
disconnect_hw_server localhost:3121
connect_hw_server
INFO: [Labtools 27-2285] Connecting to hw_server url TCP:localhost:3121
disconnect_hw_server localhost:3121
connect_hw_server
INFO: [Labtools 27-2285] Connecting to hw_server url TCP:localhost:3121
disconnect_hw_server localhost:3121
connect_hw_server
INFO: [Labtools 27-2285] Connecting to hw_server url TCP:localhost:3121
disconnect_hw_server localhost:3121
connect_hw_server
INFO: [Labtools 27-2285] Connecting to hw_server url TCP:localhost:3121
disconnect_hw_server localhost:3121
connect_hw_server
INFO: [Labtools 27-2285] Connecting to hw_server url TCP:localhost:3121
disconnect_hw_server localhost:3121
connect_hw_server
INFO: [Labtools 27-2285] Connecting to hw_server url TCP:localhost:3121
disconnect_hw_server localhost:3121
connect_hw_server
INFO: [Labtools 27-2285] Connecting to hw_server url TCP:localhost:3121
disconnect_hw_server localhost:3121
connect_hw_server
INFO: [Labtools 27-2285] Connecting to hw_server url TCP:localhost:3121
disconnect_hw_server localhost:3121
connect_hw_server
INFO: [Labtools 27-2285] Connecting to hw_server url TCP:localhost:3121
disconnect_hw_server localhost:3121
connect_hw_server
INFO: [Labtools 27-2285] Connecting to hw_server url TCP:localhost:3121
disconnect_hw_server localhost:3121
connect_hw_server
INFO: [Labtools 27-2285] Connecting to hw_server url TCP:localhost:3121
disconnect_hw_server localhost:3121
connect_hw_server
INFO: [Labtools 27-2285] Connecting to hw_server url TCP:localhost:3121
disconnect_hw_server localhost:3121
connect_hw_server
INFO: [Labtools 27-2285] Connecting to hw_server url TCP:localhost:3121
disconnect_hw_server localhost:3121
connect_hw_server
INFO: [Labtools 27-2285] Connecting to hw_server url TCP:localhost:3121
INFO: [Labtoolstcl 44-466] Opening hw_target localhost:3121/xilinx_tcf/Digilent/210248782234
WARNING: [Labtoolstcl 44-129] No matching hw_ila_data was found.
INFO: [Labtools 27-1435] Device xc7z020 (JTAG device index = 1) is not programmed (DONE status = 0).
WARNING: [Labtoolstcl 44-129] No matching hw_ila_data was found.
file mkdir /tp/xph3app/xph3app604/Projet_3A/Vivado/project_BN/project_BN.srcs/sources_1/new
close [ open /tp/xph3app/xph3app604/Projet_3A/Vivado/project_BN/project_BN.srcs/sources_1/new/MUX_Behavorial.vhd w ]
add_files /tp/xph3app/xph3app604/Projet_3A/Vivado/project_BN/project_BN.srcs/sources_1/new/MUX_Behavorial.vhd
close [ open /tp/xph3app/xph3app604/Projet_3A/Vivado/project_BN/project_BN.srcs/sources_1/new/INV_behavorial.vhd w ]
add_files /tp/xph3app/xph3app604/Projet_3A/Vivado/project_BN/project_BN.srcs/sources_1/new/INV_behavorial.vhd
update_compile_order -fileset sources_1
close [ open /tp/xph3app/xph3app604/Projet_3A/Vivado/project_BN/project_BN.srcs/sources_1/new/register_behavorial.vhd w ]
add_files /tp/xph3app/xph3app604/Projet_3A/Vivado/project_BN/project_BN.srcs/sources_1/new/register_behavorial.vhd
close [ open /tp/xph3app/xph3app604/Projet_3A/Vivado/project_BN/project_BN.srcs/sources_1/new/Correcteur_XOR_behavorial.vhd w ]
add_files /tp/xph3app/xph3app604/Projet_3A/Vivado/project_BN/project_BN.srcs/sources_1/new/Correcteur_XOR_behavorial.vhd
update_compile_order -fileset sources_1
set_property is_enabled false [get_files  /tp/xph3app/xph3app604/Projet_3A/Vivado/project_BN/project_BN.srcs/sources_1/new/MUX_Behavorial.vhd]
update_compile_order -fileset sources_1
update_compile_order -fileset sources_1
set_property is_enabled true [get_files  /tp/xph3app/xph3app604/Projet_3A/Vivado/project_BN/project_BN.srcs/sources_1/new/MUX_Behavorial.vhd]
update_compile_order -fileset sources_1
set_property is_enabled false [get_files  /tp/xph3app/xph3app604/Projet_3A/Vivado/project_BN/project_BN.srcs/sources_1/imports/vhd/MUX_analogique.vhd]
close [ open /tp/xph3app/xph3app604/Projet_3A/Vivado/project_BN/project_BN.srcs/sources_1/new/clock_generator_behavorial.vhd w ]
add_files /tp/xph3app/xph3app604/Projet_3A/Vivado/project_BN/project_BN.srcs/sources_1/new/clock_generator_behavorial.vhd
update_compile_order -fileset sources_1
exit
INFO: [Common 17-206] Exiting Vivado at Mon Dec 18 11:01:30 2017...
