#-----------------------------------------------------------
# Vivado v2017.1 (64-bit)
# SW Build 1846317 on Fri Apr 14 18:54:47 MDT 2017
# IP Build 1846188 on Fri Apr 14 20:52:08 MDT 2017
# Start of session at: Mon Jan 15 10:44:31 2018
# Process ID: 4977
# Current directory: /tp/xph3app/xph3app604/Projet_3A/Vivado
# Command line: vivado
# Log file: /tp/xph3app/xph3app604/Projet_3A/Vivado/vivado.log
# Journal file: /tp/xph3app/xph3app604/Projet_3A/Vivado/vivado.jou
#-----------------------------------------------------------
start_gui
open_project /tp/xph3app/xph3app604/Projet_3A/Vivado/project_BN/project_BN.xpr
Scanning sources...
Finished scanning sources
INFO: [IP_Flow 19-234] Refreshing IP repositories
INFO: [IP_Flow 19-1704] No user IP repositories specified
INFO: [IP_Flow 19-2313] Loaded Vivado IP repository '/softslin/vivado_17.1/Vivado/2017.1/data/ip'.
open_project: Time (s): cpu = 00:00:10 ; elapsed = 00:00:08 . Memory (MB): peak = 5990.105 ; gain = 99.363 ; free physical = 1202 ; free virtual = 12515
update_compile_order -fileset sources_1
reset_run synth_1
launch_runs synth_1
[Mon Jan 15 11:41:05 2018] Launched synth_1...
Run output will be captured here: /tp/xph3app/xph3app604/Projet_3A/Vivado/project_BN/project_BN.runs/synth_1/runme.log
ipx::create_abstraction_definition cime3 user Projet_3A_rtl 1.0
ipx::create_bus_definition cime3 user Projet_3A 1.0
set_property xml_file_name /tp/xph3app/xph3app604/Projet_3A/ip_repo/Projet_3A_rtl.xml [ipx::current_busabs]
set_property xml_file_name /tp/xph3app/xph3app604/Projet_3A/ip_repo/Projet_3A.xml [ipx::current_busdef]
set_property bus_type_vlnv cime3:user:Projet_3A:1.0 [ipx::current_busabs]
ipx::save_abstraction_definition [ipx::current_busabs]
ipx::save_bus_definition [ipx::current_busdef]
set_property  ip_repo_paths  /tp/xph3app/xph3app604/Projet_3A/ip_repo [current_project]
update_ip_catalog
INFO: [IP_Flow 19-234] Refreshing IP repositories
INFO: [IP_Flow 19-1700] Loaded user IP repository '/tp/xph3app/xph3app604/Projet_3A/ip_repo'.
ipx::add_bus_abstraction_port noeud_1_proba [ipx::current_busabs]
set_property default_value 0 [ipx::get_bus_abstraction_ports noeud_1_proba -of_objects [ipx::current_busabs]]
set_property master_presence required [ipx::get_bus_abstraction_ports noeud_1_proba -of_objects [ipx::current_busabs]]
set_property master_direction in [ipx::get_bus_abstraction_ports noeud_1_proba -of_objects [ipx::current_busabs]]
set_property master_width 10 [ipx::get_bus_abstraction_ports noeud_1_proba -of_objects [ipx::current_busabs]]
set_property slave_presence required [ipx::get_bus_abstraction_ports noeud_1_proba -of_objects [ipx::current_busabs]]
set_property slave_width 10 [ipx::get_bus_abstraction_ports noeud_1_proba -of_objects [ipx::current_busabs]]
set_property is_data true [ipx::get_bus_abstraction_ports noeud_1_proba -of_objects [ipx::current_busabs]]
set_property default_value out [ipx::get_bus_abstraction_ports noeud_1_proba -of_objects [ipx::current_busabs]]
set_property slave_direction {} [ipx::get_bus_abstraction_ports noeud_1_proba -of_objects [ipx::current_busabs]]
CRITICAL WARNING: [IP_Flow 19-855] Invalid direction type "".  Valid directions are in, out and inout.
set_property slave_direction {} [ipx::get_bus_abstraction_ports noeud_1_proba -of_objects [ipx::current_busabs]]
CRITICAL WARNING: [IP_Flow 19-855] Invalid direction type "".  Valid directions are in, out and inout.
set_property master_direction required [ipx::get_bus_abstraction_ports noeud_1_proba -of_objects [ipx::current_busabs]]
CRITICAL WARNING: [IP_Flow 19-855] Invalid direction type "required".  Valid directions are in, out and inout.
set_property master_direction illegal [ipx::get_bus_abstraction_ports noeud_1_proba -of_objects [ipx::current_busabs]]
CRITICAL WARNING: [IP_Flow 19-855] Invalid direction type "illegal".  Valid directions are in, out and inout.
set_property master_direction required [ipx::get_bus_abstraction_ports noeud_1_proba -of_objects [ipx::current_busabs]]
CRITICAL WARNING: [IP_Flow 19-855] Invalid direction type "required".  Valid directions are in, out and inout.
set_property slave_presence {} [ipx::get_bus_abstraction_ports noeud_1_proba -of_objects [ipx::current_busabs]]
CRITICAL WARNING: [IP_Flow 19-858] Invalid presence type "".  Valid presence values are required, illegal and optional.
ipx::open_ipxact_file /tp/xph3app/xph3app604/Projet_3A/ip_repo/Projet_3A_rtl.xml
ipx::unload_abstraction_definition /tp/xph3app/xph3app604/Projet_3A/ip_repo/Projet_3A_rtl.xml
ipx::unload_bus_definition /tp/xph3app/xph3app604/Projet_3A/ip_repo/Projet_3A.xml
launch_runs impl_1
[Mon Jan 15 11:50:34 2018] Launched impl_1...
Run output will be captured here: /tp/xph3app/xph3app604/Projet_3A/Vivado/project_BN/project_BN.runs/impl_1/runme.log
reset_run synth_1
launch_runs synth_1
[Mon Jan 15 11:55:51 2018] Launched synth_1...
Run output will be captured here: /tp/xph3app/xph3app604/Projet_3A/Vivado/project_BN/project_BN.runs/synth_1/runme.log
reset_run synth_1
launch_runs synth_1
[Mon Jan 15 11:58:01 2018] Launched synth_1...
Run output will be captured here: /tp/xph3app/xph3app604/Projet_3A/Vivado/project_BN/project_BN.runs/synth_1/runme.log
exit
INFO: [Common 17-206] Exiting Vivado at Mon Jan 15 12:07:13 2018...
