 
****************************************
Report : cell
Design : CORDIC_top
Version: J-2014.09-SP2
Date   : Wed Jun 21 11:44:05 2017
****************************************

Attributes:
    b - black box (unknown)
    h - hierarchical
   mo - map_only
    n - noncombinational
    r - removable
    u - contains unmapped logic

Cell                      Reference       Library             Area  Attributes
--------------------------------------------------------------------------------
U1                        XNR31           c35_CORELIB_TYP 200.199997
U2                        XNR31           c35_CORELIB_TYP 200.199997
U3                        XNR31           c35_CORELIB_TYP 200.199997
U4                        XNR31           c35_CORELIB_TYP 200.199997
U5                        XNR31           c35_CORELIB_TYP 200.199997
U6                        XNR31           c35_CORELIB_TYP 200.199997
U7                        XNR31           c35_CORELIB_TYP 200.199997
U8                        XNR31           c35_CORELIB_TYP 200.199997
U9                        AOI221          c35_CORELIB_TYP 91.000000 
U10                       AOI221          c35_CORELIB_TYP 91.000000 
U11                       AOI221          c35_CORELIB_TYP 91.000000 
U12                       AOI221          c35_CORELIB_TYP 91.000000 
U13                       AOI221          c35_CORELIB_TYP 91.000000 
U14                       AOI221          c35_CORELIB_TYP 91.000000 
U15                       AOI221          c35_CORELIB_TYP 91.000000 
U16                       AOI221          c35_CORELIB_TYP 91.000000 
U17                       AOI221          c35_CORELIB_TYP 91.000000 
U18                       AOI221          c35_CORELIB_TYP 91.000000 
U19                       AOI221          c35_CORELIB_TYP 91.000000 
U20                       AOI221          c35_CORELIB_TYP 91.000000 
U21                       AOI221          c35_CORELIB_TYP 91.000000 
U22                       AOI221          c35_CORELIB_TYP 91.000000 
U23                       AOI221          c35_CORELIB_TYP 91.000000 
U24                       AOI221          c35_CORELIB_TYP 91.000000 
U25                       AOI221          c35_CORELIB_TYP 91.000000 
U26                       AOI221          c35_CORELIB_TYP 91.000000 
U27                       AOI221          c35_CORELIB_TYP 91.000000 
U28                       AOI221          c35_CORELIB_TYP 91.000000 
U29                       AOI221          c35_CORELIB_TYP 91.000000 
U30                       AOI221          c35_CORELIB_TYP 91.000000 
U31                       AOI221          c35_CORELIB_TYP 91.000000 
U32                       AOI221          c35_CORELIB_TYP 91.000000 
U33                       AOI221          c35_CORELIB_TYP 91.000000 
U34                       AOI221          c35_CORELIB_TYP 91.000000 
U35                       AOI221          c35_CORELIB_TYP 91.000000 
U36                       AOI221          c35_CORELIB_TYP 91.000000 
U37                       AOI221          c35_CORELIB_TYP 91.000000 
U38                       AOI221          c35_CORELIB_TYP 91.000000 
U39                       AOI221          c35_CORELIB_TYP 91.000000 
U40                       AOI221          c35_CORELIB_TYP 91.000000 
U41                       AOI221          c35_CORELIB_TYP 91.000000 
U42                       AOI221          c35_CORELIB_TYP 91.000000 
U43                       AOI221          c35_CORELIB_TYP 91.000000 
U44                       AOI221          c35_CORELIB_TYP 91.000000 
U45                       AOI221          c35_CORELIB_TYP 91.000000 
U46                       AOI221          c35_CORELIB_TYP 91.000000 
U47                       AOI221          c35_CORELIB_TYP 91.000000 
U48                       INV3            c35_CORELIB_TYP 36.400002 
U49                       INV3            c35_CORELIB_TYP 36.400002 
U50                       INV3            c35_CORELIB_TYP 36.400002 
U51                       INV3            c35_CORELIB_TYP 36.400002 
U52                       INV3            c35_CORELIB_TYP 36.400002 
U53                       INV3            c35_CORELIB_TYP 36.400002 
U54                       INV3            c35_CORELIB_TYP 36.400002 
U55                       INV3            c35_CORELIB_TYP 36.400002 
U56                       INV3            c35_CORELIB_TYP 36.400002 
U57                       INV3            c35_CORELIB_TYP 36.400002 
U58                       INV3            c35_CORELIB_TYP 36.400002 
U59                       INV3            c35_CORELIB_TYP 36.400002 
U60                       INV3            c35_CORELIB_TYP 36.400002 
U61                       INV3            c35_CORELIB_TYP 36.400002 
U62                       INV3            c35_CORELIB_TYP 36.400002 
U63                       INV3            c35_CORELIB_TYP 36.400002 
U64                       INV3            c35_CORELIB_TYP 36.400002 
U65                       INV3            c35_CORELIB_TYP 36.400002 
U66                       INV3            c35_CORELIB_TYP 36.400002 
U67                       INV3            c35_CORELIB_TYP 36.400002 
U68                       INV3            c35_CORELIB_TYP 36.400002 
U69                       INV3            c35_CORELIB_TYP 36.400002 
U70                       NAND22          c35_CORELIB_TYP 54.599998 
U71                       INV3            c35_CORELIB_TYP 36.400002 
U72                       NOR21           c35_CORELIB_TYP 54.599998 
U73                       INV3            c35_CORELIB_TYP 36.400002 
U74                       NOR21           c35_CORELIB_TYP 54.599998 
U75                       INV3            c35_CORELIB_TYP 36.400002 
U76                       NOR21           c35_CORELIB_TYP 54.599998 
U77                       NOR21           c35_CORELIB_TYP 54.599998 
U78                       INV3            c35_CORELIB_TYP 36.400002 
U79                       NOR21           c35_CORELIB_TYP 54.599998 
U80                       INV3            c35_CORELIB_TYP 36.400002 
U81                       NOR21           c35_CORELIB_TYP 54.599998 
U82                       NOR21           c35_CORELIB_TYP 54.599998 
U83                       INV3            c35_CORELIB_TYP 36.400002 
U84                       INV3            c35_CORELIB_TYP 36.400002 
U85                       NOR21           c35_CORELIB_TYP 54.599998 
U86                       NOR21           c35_CORELIB_TYP 54.599998 
U87                       BUF2            c35_CORELIB_TYP 54.599998 
U88                       NOR21           c35_CORELIB_TYP 54.599998 
U89                       NOR21           c35_CORELIB_TYP 54.599998 
U90                       INV3            c35_CORELIB_TYP 36.400002 
U91                       NOR21           c35_CORELIB_TYP 54.599998 
U92                       INV3            c35_CORELIB_TYP 36.400002 
U93                       NOR21           c35_CORELIB_TYP 54.599998 
U94                       INV3            c35_CORELIB_TYP 36.400002 
U95                       NOR21           c35_CORELIB_TYP 54.599998 
U96                       INV3            c35_CORELIB_TYP 36.400002 
U97                       NOR21           c35_CORELIB_TYP 54.599998 
U98                       INV3            c35_CORELIB_TYP 36.400002 
U99                       NOR21           c35_CORELIB_TYP 54.599998 
U100                      INV3            c35_CORELIB_TYP 36.400002 
U101                      NOR21           c35_CORELIB_TYP 54.599998 
U102                      INV3            c35_CORELIB_TYP 36.400002 
U103                      INV3            c35_CORELIB_TYP 36.400002 
U104                      AOI221          c35_CORELIB_TYP 91.000000 
U105                      INV3            c35_CORELIB_TYP 36.400002 
U106                      AOI221          c35_CORELIB_TYP 91.000000 
U107                      INV3            c35_CORELIB_TYP 36.400002 
U108                      AOI221          c35_CORELIB_TYP 91.000000 
U109                      INV3            c35_CORELIB_TYP 36.400002 
U110                      AOI221          c35_CORELIB_TYP 91.000000 
U111                      INV3            c35_CORELIB_TYP 36.400002 
U112                      AOI221          c35_CORELIB_TYP 91.000000 
U113                      INV3            c35_CORELIB_TYP 36.400002 
U114                      AOI221          c35_CORELIB_TYP 91.000000 
U115                      NOR21           c35_CORELIB_TYP 54.599998 
U116                      NOR21           c35_CORELIB_TYP 54.599998 
U117                      NOR21           c35_CORELIB_TYP 54.599998 
U118                      INV3            c35_CORELIB_TYP 36.400002 
U119                      BUF2            c35_CORELIB_TYP 54.599998 
U120                      BUF2            c35_CORELIB_TYP 54.599998 
U121                      BUF2            c35_CORELIB_TYP 54.599998 
U122                      BUF2            c35_CORELIB_TYP 54.599998 
U123                      BUF2            c35_CORELIB_TYP 54.599998 
U124                      BUF2            c35_CORELIB_TYP 54.599998 
U125                      NOR21           c35_CORELIB_TYP 54.599998 
U126                      BUF2            c35_CORELIB_TYP 54.599998 
U127                      BUF2            c35_CORELIB_TYP 54.599998 
U128                      NOR21           c35_CORELIB_TYP 54.599998 
U129                      BUF2            c35_CORELIB_TYP 54.599998 
U130                      NOR21           c35_CORELIB_TYP 54.599998 
U131                      BUF2            c35_CORELIB_TYP 54.599998 
U132                      NOR21           c35_CORELIB_TYP 54.599998 
U133                      BUF2            c35_CORELIB_TYP 54.599998 
U134                      INV3            c35_CORELIB_TYP 36.400002 
U135                      NOR21           c35_CORELIB_TYP 54.599998 
U136                      INV3            c35_CORELIB_TYP 36.400002 
U137                      NOR21           c35_CORELIB_TYP 54.599998 
U138                      INV3            c35_CORELIB_TYP 36.400002 
U139                      NOR21           c35_CORELIB_TYP 54.599998 
U140                      INV3            c35_CORELIB_TYP 36.400002 
U141                      NOR21           c35_CORELIB_TYP 54.599998 
U142                      BUF2            c35_CORELIB_TYP 54.599998 
U143                      BUF2            c35_CORELIB_TYP 54.599998 
U144                      INV3            c35_CORELIB_TYP 36.400002 
U145                      AOI221          c35_CORELIB_TYP 91.000000 
U146                      INV3            c35_CORELIB_TYP 36.400002 
U147                      AOI221          c35_CORELIB_TYP 91.000000 
U148                      INV3            c35_CORELIB_TYP 36.400002 
U149                      AOI221          c35_CORELIB_TYP 91.000000 
U150                      INV3            c35_CORELIB_TYP 36.400002 
U151                      AOI221          c35_CORELIB_TYP 91.000000 
U152                      INV3            c35_CORELIB_TYP 36.400002 
U153                      AOI221          c35_CORELIB_TYP 91.000000 
U154                      INV3            c35_CORELIB_TYP 36.400002 
U155                      AOI221          c35_CORELIB_TYP 91.000000 
U156                      INV3            c35_CORELIB_TYP 36.400002 
U157                      AOI221          c35_CORELIB_TYP 91.000000 
U158                      INV3            c35_CORELIB_TYP 36.400002 
U159                      AOI221          c35_CORELIB_TYP 91.000000 
U160                      INV3            c35_CORELIB_TYP 36.400002 
U161                      AOI221          c35_CORELIB_TYP 91.000000 
U162                      INV3            c35_CORELIB_TYP 36.400002 
U163                      AOI221          c35_CORELIB_TYP 91.000000 
U164                      INV3            c35_CORELIB_TYP 36.400002 
U165                      AOI221          c35_CORELIB_TYP 91.000000 
U166                      INV3            c35_CORELIB_TYP 36.400002 
U167                      AOI221          c35_CORELIB_TYP 91.000000 
U168                      INV3            c35_CORELIB_TYP 36.400002 
U169                      AOI221          c35_CORELIB_TYP 91.000000 
U170                      INV3            c35_CORELIB_TYP 36.400002 
U171                      AOI221          c35_CORELIB_TYP 91.000000 
U172                      INV3            c35_CORELIB_TYP 36.400002 
U173                      AOI221          c35_CORELIB_TYP 91.000000 
U174                      INV3            c35_CORELIB_TYP 36.400002 
U175                      AOI221          c35_CORELIB_TYP 91.000000 
U176                      INV3            c35_CORELIB_TYP 36.400002 
U177                      AOI221          c35_CORELIB_TYP 91.000000 
U178                      INV3            c35_CORELIB_TYP 36.400002 
U179                      AOI221          c35_CORELIB_TYP 91.000000 
U180                      INV3            c35_CORELIB_TYP 36.400002 
U181                      AOI221          c35_CORELIB_TYP 91.000000 
U182                      INV3            c35_CORELIB_TYP 36.400002 
U183                      AOI221          c35_CORELIB_TYP 91.000000 
U184                      INV3            c35_CORELIB_TYP 36.400002 
U185                      AOI221          c35_CORELIB_TYP 91.000000 
U186                      INV3            c35_CORELIB_TYP 36.400002 
U187                      AOI221          c35_CORELIB_TYP 91.000000 
U188                      INV3            c35_CORELIB_TYP 36.400002 
U189                      AOI221          c35_CORELIB_TYP 91.000000 
U190                      INV3            c35_CORELIB_TYP 36.400002 
U191                      AOI221          c35_CORELIB_TYP 91.000000 
U192                      NAND22          c35_CORELIB_TYP 54.599998 
U193                      INV3            c35_CORELIB_TYP 36.400002 
U194                      INV3            c35_CORELIB_TYP 36.400002 
U195                      INV3            c35_CORELIB_TYP 36.400002 
U196                      INV3            c35_CORELIB_TYP 36.400002 
U197                      AOI221          c35_CORELIB_TYP 91.000000 
U198                      AOI221          c35_CORELIB_TYP 91.000000 
U199                      INV3            c35_CORELIB_TYP 36.400002 
U200                      NAND22          c35_CORELIB_TYP 54.599998 
U201                      XOR21           c35_CORELIB_TYP 127.400002
U202                      INV3            c35_CORELIB_TYP 36.400002 
U203                      AOI221          c35_CORELIB_TYP 91.000000 
U204                      AOI221          c35_CORELIB_TYP 91.000000 
U205                      AOI221          c35_CORELIB_TYP 91.000000 
U206                      INV3            c35_CORELIB_TYP 36.400002 
U207                      AOI221          c35_CORELIB_TYP 91.000000 
U208                      INV3            c35_CORELIB_TYP 36.400002 
U209                      AOI221          c35_CORELIB_TYP 91.000000 
U210                      INV3            c35_CORELIB_TYP 36.400002 
U211                      NOR21           c35_CORELIB_TYP 54.599998 
U212                      INV3            c35_CORELIB_TYP 36.400002 
U213                      AOI221          c35_CORELIB_TYP 91.000000 
U214                      INV3            c35_CORELIB_TYP 36.400002 
U215                      AOI221          c35_CORELIB_TYP 91.000000 
U216                      INV3            c35_CORELIB_TYP 36.400002 
U217                      AOI221          c35_CORELIB_TYP 91.000000 
U218                      INV3            c35_CORELIB_TYP 36.400002 
U219                      AOI221          c35_CORELIB_TYP 91.000000 
U220                      INV3            c35_CORELIB_TYP 36.400002 
U221                      AOI221          c35_CORELIB_TYP 91.000000 
U222                      INV3            c35_CORELIB_TYP 36.400002 
U223                      AOI221          c35_CORELIB_TYP 91.000000 
U224                      INV3            c35_CORELIB_TYP 36.400002 
U225                      AOI221          c35_CORELIB_TYP 91.000000 
U226                      INV3            c35_CORELIB_TYP 36.400002 
U227                      AOI221          c35_CORELIB_TYP 91.000000 
U228                      INV3            c35_CORELIB_TYP 36.400002 
U229                      AOI221          c35_CORELIB_TYP 91.000000 
U230                      INV3            c35_CORELIB_TYP 36.400002 
U231                      AOI221          c35_CORELIB_TYP 91.000000 
U232                      INV3            c35_CORELIB_TYP 36.400002 
U233                      AOI221          c35_CORELIB_TYP 91.000000 
U234                      XNR21           c35_CORELIB_TYP 109.199997
U235                      XNR21           c35_CORELIB_TYP 109.199997
U236                      XNR21           c35_CORELIB_TYP 109.199997
U237                      XNR21           c35_CORELIB_TYP 109.199997
U238                      XNR21           c35_CORELIB_TYP 109.199997
U239                      XNR21           c35_CORELIB_TYP 109.199997
U240                      XNR21           c35_CORELIB_TYP 109.199997
U241                      XNR21           c35_CORELIB_TYP 109.199997
U242                      XNR21           c35_CORELIB_TYP 109.199997
U243                      XNR21           c35_CORELIB_TYP 109.199997
U244                      XNR21           c35_CORELIB_TYP 109.199997
U245                      XNR21           c35_CORELIB_TYP 109.199997
U246                      XNR21           c35_CORELIB_TYP 109.199997
U247                      XNR21           c35_CORELIB_TYP 109.199997
U248                      XNR21           c35_CORELIB_TYP 109.199997
U249                      XNR21           c35_CORELIB_TYP 109.199997
U250                      XNR21           c35_CORELIB_TYP 109.199997
U251                      XNR21           c35_CORELIB_TYP 109.199997
U252                      XNR21           c35_CORELIB_TYP 109.199997
U253                      XNR21           c35_CORELIB_TYP 109.199997
U254                      XNR21           c35_CORELIB_TYP 109.199997
U255                      XNR21           c35_CORELIB_TYP 109.199997
U256                      XNR21           c35_CORELIB_TYP 109.199997
U257                      AOI221          c35_CORELIB_TYP 91.000000 
U258                      XNR21           c35_CORELIB_TYP 109.199997
U259                      XNR21           c35_CORELIB_TYP 109.199997
U260                      XNR21           c35_CORELIB_TYP 109.199997
U261                      INV3            c35_CORELIB_TYP 36.400002 
U262                      AOI221          c35_CORELIB_TYP 91.000000 
U263                      XNR21           c35_CORELIB_TYP 109.199997
U264                      AOI221          c35_CORELIB_TYP 91.000000 
U265                      AOI221          c35_CORELIB_TYP 91.000000 
U266                      AOI221          c35_CORELIB_TYP 91.000000 
U267                      INV3            c35_CORELIB_TYP 36.400002 
U268                      AOI221          c35_CORELIB_TYP 91.000000 
U269                      XNR21           c35_CORELIB_TYP 109.199997
U270                      INV3            c35_CORELIB_TYP 36.400002 
U271                      AOI221          c35_CORELIB_TYP 91.000000 
U272                      INV3            c35_CORELIB_TYP 36.400002 
U273                      AOI221          c35_CORELIB_TYP 91.000000 
U274                      INV3            c35_CORELIB_TYP 36.400002 
U275                      AOI221          c35_CORELIB_TYP 91.000000 
U276                      INV3            c35_CORELIB_TYP 36.400002 
U277                      AOI221          c35_CORELIB_TYP 91.000000 
U278                      INV3            c35_CORELIB_TYP 36.400002 
U279                      AOI221          c35_CORELIB_TYP 91.000000 
U280                      INV3            c35_CORELIB_TYP 36.400002 
U281                      AOI221          c35_CORELIB_TYP 91.000000 
U282                      XNR21           c35_CORELIB_TYP 109.199997
U283                      XNR21           c35_CORELIB_TYP 109.199997
U284                      AOI221          c35_CORELIB_TYP 91.000000 
U285                      INV3            c35_CORELIB_TYP 36.400002 
U286                      AOI221          c35_CORELIB_TYP 91.000000 
U287                      INV3            c35_CORELIB_TYP 36.400002 
U288                      INV3            c35_CORELIB_TYP 36.400002 
U289                      INV3            c35_CORELIB_TYP 36.400002 
U290                      INV3            c35_CORELIB_TYP 36.400002 
U291                      INV3            c35_CORELIB_TYP 36.400002 
U292                      INV3            c35_CORELIB_TYP 36.400002 
U293                      INV3            c35_CORELIB_TYP 36.400002 
U294                      INV3            c35_CORELIB_TYP 36.400002 
U295                      INV3            c35_CORELIB_TYP 36.400002 
U296                      INV3            c35_CORELIB_TYP 36.400002 
U297                      INV3            c35_CORELIB_TYP 36.400002 
U298                      INV3            c35_CORELIB_TYP 36.400002 
U299                      INV3            c35_CORELIB_TYP 36.400002 
U300                      AOI221          c35_CORELIB_TYP 91.000000 
U301                      XOR21           c35_CORELIB_TYP 127.400002
U302                      NOR21           c35_CORELIB_TYP 54.599998 
U303                      INV3            c35_CORELIB_TYP 36.400002 
U304                      AOI221          c35_CORELIB_TYP 91.000000 
U305                      XOR21           c35_CORELIB_TYP 127.400002
U306                      XNR21           c35_CORELIB_TYP 109.199997
U307                      INV3            c35_CORELIB_TYP 36.400002 
U308                      AOI221          c35_CORELIB_TYP 91.000000 
U309                      XOR21           c35_CORELIB_TYP 127.400002
U310                      INV3            c35_CORELIB_TYP 36.400002 
U311                      AOI221          c35_CORELIB_TYP 91.000000 
U312                      XOR21           c35_CORELIB_TYP 127.400002
U313                      INV3            c35_CORELIB_TYP 36.400002 
U314                      AOI221          c35_CORELIB_TYP 91.000000 
U315                      XOR21           c35_CORELIB_TYP 127.400002
U316                      INV3            c35_CORELIB_TYP 36.400002 
U317                      AOI221          c35_CORELIB_TYP 91.000000 
U318                      XOR21           c35_CORELIB_TYP 127.400002
U319                      INV3            c35_CORELIB_TYP 36.400002 
U320                      AOI221          c35_CORELIB_TYP 91.000000 
U321                      XOR21           c35_CORELIB_TYP 127.400002
U322                      INV3            c35_CORELIB_TYP 36.400002 
U323                      AOI221          c35_CORELIB_TYP 91.000000 
U324                      XOR21           c35_CORELIB_TYP 127.400002
U325                      INV3            c35_CORELIB_TYP 36.400002 
U326                      AOI221          c35_CORELIB_TYP 91.000000 
U327                      INV3            c35_CORELIB_TYP 36.400002 
U328                      AOI221          c35_CORELIB_TYP 91.000000 
U329                      XOR21           c35_CORELIB_TYP 127.400002
U330                      INV3            c35_CORELIB_TYP 36.400002 
U331                      AOI221          c35_CORELIB_TYP 91.000000 
U332                      XOR21           c35_CORELIB_TYP 127.400002
U333                      INV3            c35_CORELIB_TYP 36.400002 
U334                      AOI221          c35_CORELIB_TYP 91.000000 
U335                      XOR21           c35_CORELIB_TYP 127.400002
U336                      INV3            c35_CORELIB_TYP 36.400002 
U337                      AOI221          c35_CORELIB_TYP 91.000000 
U338                      INV3            c35_CORELIB_TYP 36.400002 
U339                      AOI221          c35_CORELIB_TYP 91.000000 
U340                      XOR21           c35_CORELIB_TYP 127.400002
U341                      INV3            c35_CORELIB_TYP 36.400002 
U342                      AOI221          c35_CORELIB_TYP 91.000000 
U343                      XOR21           c35_CORELIB_TYP 127.400002
U344                      INV3            c35_CORELIB_TYP 36.400002 
U345                      AOI221          c35_CORELIB_TYP 91.000000 
U346                      XOR21           c35_CORELIB_TYP 127.400002
U347                      NAND22          c35_CORELIB_TYP 54.599998 
U348                      INV3            c35_CORELIB_TYP 36.400002 
U349                      AOI221          c35_CORELIB_TYP 91.000000 
U350                      XNR21           c35_CORELIB_TYP 109.199997
U351                      NAND31          c35_CORELIB_TYP 72.800003 
U352                      NAND31          c35_CORELIB_TYP 72.800003 
U353                      NAND31          c35_CORELIB_TYP 72.800003 
U354                      NAND31          c35_CORELIB_TYP 72.800003 
U355                      NAND31          c35_CORELIB_TYP 72.800003 
U356                      AOI221          c35_CORELIB_TYP 91.000000 
U357                      AOI221          c35_CORELIB_TYP 91.000000 
U358                      XNR21           c35_CORELIB_TYP 109.199997
U359                      INV3            c35_CORELIB_TYP 36.400002 
U360                      AOI221          c35_CORELIB_TYP 91.000000 
U361                      XNR21           c35_CORELIB_TYP 109.199997
U362                      INV3            c35_CORELIB_TYP 36.400002 
U363                      AOI221          c35_CORELIB_TYP 91.000000 
U364                      INV3            c35_CORELIB_TYP 36.400002 
U365                      AOI221          c35_CORELIB_TYP 91.000000 
U366                      INV3            c35_CORELIB_TYP 36.400002 
U367                      INV3            c35_CORELIB_TYP 36.400002 
U368                      AOI221          c35_CORELIB_TYP 91.000000 
U369                      INV3            c35_CORELIB_TYP 36.400002 
U370                      AOI221          c35_CORELIB_TYP 91.000000 
U371                      INV3            c35_CORELIB_TYP 36.400002 
U372                      AOI221          c35_CORELIB_TYP 91.000000 
U373                      INV3            c35_CORELIB_TYP 36.400002 
U374                      AOI221          c35_CORELIB_TYP 91.000000 
U375                      NAND31          c35_CORELIB_TYP 72.800003 
U376                      NAND31          c35_CORELIB_TYP 72.800003 
U377                      XNR21           c35_CORELIB_TYP 109.199997
U378                      XNR21           c35_CORELIB_TYP 109.199997
U379                      XNR21           c35_CORELIB_TYP 109.199997
U380                      XNR21           c35_CORELIB_TYP 109.199997
U381                      XNR21           c35_CORELIB_TYP 109.199997
U382                      XNR21           c35_CORELIB_TYP 109.199997
U383                      XNR21           c35_CORELIB_TYP 109.199997
U384                      XNR21           c35_CORELIB_TYP 109.199997
U385                      XNR21           c35_CORELIB_TYP 109.199997
U386                      NAND31          c35_CORELIB_TYP 72.800003 
U387                      NAND31          c35_CORELIB_TYP 72.800003 
U388                      NOR21           c35_CORELIB_TYP 54.599998 
U389                      INV3            c35_CORELIB_TYP 36.400002 
U390                      OAI311          c35_CORELIB_TYP 91.000000 
U391                      NAND22          c35_CORELIB_TYP 54.599998 
U392                      INV3            c35_CORELIB_TYP 36.400002 
U393                      INV3            c35_CORELIB_TYP 36.400002 
U394                      NAND31          c35_CORELIB_TYP 72.800003 
U395                      INV3            c35_CORELIB_TYP 36.400002 
U396                      AOI221          c35_CORELIB_TYP 91.000000 
U397                      XOR21           c35_CORELIB_TYP 127.400002
U398                      XNR21           c35_CORELIB_TYP 109.199997
U399                      INV3            c35_CORELIB_TYP 36.400002 
U400                      AOI221          c35_CORELIB_TYP 91.000000 
U401                      XOR21           c35_CORELIB_TYP 127.400002
U402                      XNR21           c35_CORELIB_TYP 109.199997
U403                      INV3            c35_CORELIB_TYP 36.400002 
U404                      AOI221          c35_CORELIB_TYP 91.000000 
U405                      XOR21           c35_CORELIB_TYP 127.400002
U406                      XNR21           c35_CORELIB_TYP 109.199997
U407                      AOI211          c35_CORELIB_TYP 72.800003 
U408                      INV3            c35_CORELIB_TYP 36.400002 
U409                      OAI2111         c35_CORELIB_TYP 91.000000 
U410                      AOI221          c35_CORELIB_TYP 91.000000 
U411                      INV3            c35_CORELIB_TYP 36.400002 
U412                      NOR21           c35_CORELIB_TYP 54.599998 
U413                      NOR21           c35_CORELIB_TYP 54.599998 
U414                      NOR21           c35_CORELIB_TYP 54.599998 
U415                      INV3            c35_CORELIB_TYP 36.400002 
U416                      NOR21           c35_CORELIB_TYP 54.599998 
U417                      NOR21           c35_CORELIB_TYP 54.599998 
U418                      NOR21           c35_CORELIB_TYP 54.599998 
U419                      NOR21           c35_CORELIB_TYP 54.599998 
U420                      NOR21           c35_CORELIB_TYP 54.599998 
U421                      INV3            c35_CORELIB_TYP 36.400002 
U422                      NOR21           c35_CORELIB_TYP 54.599998 
U423                      INV3            c35_CORELIB_TYP 36.400002 
U424                      NOR21           c35_CORELIB_TYP 54.599998 
U425                      INV3            c35_CORELIB_TYP 36.400002 
U426                      AOI211          c35_CORELIB_TYP 72.800003 
U427                      INV3            c35_CORELIB_TYP 36.400002 
U428                      INV3            c35_CORELIB_TYP 36.400002 
U429                      NOR21           c35_CORELIB_TYP 54.599998 
U430                      INV3            c35_CORELIB_TYP 36.400002 
U431                      NOR21           c35_CORELIB_TYP 54.599998 
U432                      INV3            c35_CORELIB_TYP 36.400002 
U433                      NOR21           c35_CORELIB_TYP 54.599998 
U434                      INV3            c35_CORELIB_TYP 36.400002 
U435                      NOR21           c35_CORELIB_TYP 54.599998 
U436                      NOR21           c35_CORELIB_TYP 54.599998 
U437                      INV3            c35_CORELIB_TYP 36.400002 
U438                      NOR21           c35_CORELIB_TYP 54.599998 
U439                      NOR21           c35_CORELIB_TYP 54.599998 
U440                      INV3            c35_CORELIB_TYP 36.400002 
U441                      INV3            c35_CORELIB_TYP 36.400002 
U442                      NOR21           c35_CORELIB_TYP 54.599998 
U443                      NOR21           c35_CORELIB_TYP 54.599998 
U444                      INV3            c35_CORELIB_TYP 36.400002 
U445                      NOR21           c35_CORELIB_TYP 54.599998 
U446                      NOR21           c35_CORELIB_TYP 54.599998 
U447                      INV3            c35_CORELIB_TYP 36.400002 
U448                      NOR21           c35_CORELIB_TYP 54.599998 
U449                      INV3            c35_CORELIB_TYP 36.400002 
U450                      NOR21           c35_CORELIB_TYP 54.599998 
U451                      INV3            c35_CORELIB_TYP 36.400002 
U452                      NOR21           c35_CORELIB_TYP 54.599998 
U453                      INV3            c35_CORELIB_TYP 36.400002 
U454                      NOR21           c35_CORELIB_TYP 54.599998 
U455                      INV3            c35_CORELIB_TYP 36.400002 
U456                      NOR21           c35_CORELIB_TYP 54.599998 
U457                      INV3            c35_CORELIB_TYP 36.400002 
U458                      NOR21           c35_CORELIB_TYP 54.599998 
U459                      INV3            c35_CORELIB_TYP 36.400002 
U460                      NOR21           c35_CORELIB_TYP 54.599998 
U461                      INV3            c35_CORELIB_TYP 36.400002 
U462                      NOR21           c35_CORELIB_TYP 54.599998 
U463                      NOR21           c35_CORELIB_TYP 54.599998 
U464                      INV3            c35_CORELIB_TYP 36.400002 
U465                      NOR21           c35_CORELIB_TYP 54.599998 
U466                      INV3            c35_CORELIB_TYP 36.400002 
U467                      INV3            c35_CORELIB_TYP 36.400002 
U468                      NOR21           c35_CORELIB_TYP 54.599998 
U469                      INV3            c35_CORELIB_TYP 36.400002 
U470                      NOR21           c35_CORELIB_TYP 54.599998 
U471                      INV3            c35_CORELIB_TYP 36.400002 
U472                      NOR21           c35_CORELIB_TYP 54.599998 
U473                      INV3            c35_CORELIB_TYP 36.400002 
U474                      NOR21           c35_CORELIB_TYP 54.599998 
U475                      INV3            c35_CORELIB_TYP 36.400002 
U476                      NOR21           c35_CORELIB_TYP 54.599998 
U477                      INV3            c35_CORELIB_TYP 36.400002 
U478                      NOR21           c35_CORELIB_TYP 54.599998 
U479                      INV3            c35_CORELIB_TYP 36.400002 
U480                      NOR21           c35_CORELIB_TYP 54.599998 
U481                      INV3            c35_CORELIB_TYP 36.400002 
U482                      NOR21           c35_CORELIB_TYP 54.599998 
U483                      INV3            c35_CORELIB_TYP 36.400002 
U484                      NOR21           c35_CORELIB_TYP 54.599998 
U485                      INV3            c35_CORELIB_TYP 36.400002 
U486                      NOR21           c35_CORELIB_TYP 54.599998 
U487                      INV3            c35_CORELIB_TYP 36.400002 
U488                      NOR21           c35_CORELIB_TYP 54.599998 
U489                      NOR21           c35_CORELIB_TYP 54.599998 
U490                      INV3            c35_CORELIB_TYP 36.400002 
U491                      XNR21           c35_CORELIB_TYP 109.199997
U492                      NOR21           c35_CORELIB_TYP 54.599998 
U493                      XNR21           c35_CORELIB_TYP 109.199997
U494                      NOR21           c35_CORELIB_TYP 54.599998 
U495                      NOR21           c35_CORELIB_TYP 54.599998 
U496                      NOR21           c35_CORELIB_TYP 54.599998 
U497                      NAND22          c35_CORELIB_TYP 54.599998 
U498                      NOR40           c35_CORELIB_TYP 72.800003 
U499                      NOR40           c35_CORELIB_TYP 72.800003 
U500                      NAND22          c35_CORELIB_TYP 54.599998 
U501                      NOR40           c35_CORELIB_TYP 72.800003 
U502                      NOR40           c35_CORELIB_TYP 72.800003 
U503                      NAND22          c35_CORELIB_TYP 54.599998 
U504                      NOR40           c35_CORELIB_TYP 72.800003 
U505                      NOR40           c35_CORELIB_TYP 72.800003 
U506                      AOI211          c35_CORELIB_TYP 72.800003 
U507                      NAND22          c35_CORELIB_TYP 54.599998 
U508                      NOR40           c35_CORELIB_TYP 72.800003 
U509                      NOR40           c35_CORELIB_TYP 72.800003 
U510                      NOR21           c35_CORELIB_TYP 54.599998 
U511                      NAND22          c35_CORELIB_TYP 54.599998 
U512                      NOR40           c35_CORELIB_TYP 72.800003 
U513                      NOR40           c35_CORELIB_TYP 72.800003 
U514                      NOR21           c35_CORELIB_TYP 54.599998 
U515                      NOR21           c35_CORELIB_TYP 54.599998 
U516                      INV3            c35_CORELIB_TYP 36.400002 
U517                      NOR21           c35_CORELIB_TYP 54.599998 
U518                      INV3            c35_CORELIB_TYP 36.400002 
U519                      NOR21           c35_CORELIB_TYP 54.599998 
U520                      NOR21           c35_CORELIB_TYP 54.599998 
U521                      NOR21           c35_CORELIB_TYP 54.599998 
U522                      NOR21           c35_CORELIB_TYP 54.599998 
U523                      INV3            c35_CORELIB_TYP 36.400002 
U524                      NOR21           c35_CORELIB_TYP 54.599998 
U525                      INV3            c35_CORELIB_TYP 36.400002 
U526                      NOR21           c35_CORELIB_TYP 54.599998 
U527                      NOR21           c35_CORELIB_TYP 54.599998 
U528                      INV3            c35_CORELIB_TYP 36.400002 
U529                      NOR21           c35_CORELIB_TYP 54.599998 
U530                      NOR21           c35_CORELIB_TYP 54.599998 
U531                      NOR21           c35_CORELIB_TYP 54.599998 
U532                      NOR21           c35_CORELIB_TYP 54.599998 
U533                      NOR21           c35_CORELIB_TYP 54.599998 
U534                      XOR21           c35_CORELIB_TYP 127.400002
U535                      NOR21           c35_CORELIB_TYP 54.599998 
U536                      XNR21           c35_CORELIB_TYP 109.199997
U537                      NOR21           c35_CORELIB_TYP 54.599998 
U538                      XNR21           c35_CORELIB_TYP 109.199997
U539                      NOR21           c35_CORELIB_TYP 54.599998 
U540                      XNR21           c35_CORELIB_TYP 109.199997
U541                      XNR21           c35_CORELIB_TYP 109.199997
U542                      XNR21           c35_CORELIB_TYP 109.199997
U543                      XNR21           c35_CORELIB_TYP 109.199997
U544                      XNR21           c35_CORELIB_TYP 109.199997
U545                      XNR21           c35_CORELIB_TYP 109.199997
U546                      XNR21           c35_CORELIB_TYP 109.199997
U547                      XNR21           c35_CORELIB_TYP 109.199997
U548                      XNR21           c35_CORELIB_TYP 109.199997
U549                      XNR21           c35_CORELIB_TYP 109.199997
U550                      XNR21           c35_CORELIB_TYP 109.199997
U551                      XNR21           c35_CORELIB_TYP 109.199997
U552                      XNR21           c35_CORELIB_TYP 109.199997
U553                      XNR21           c35_CORELIB_TYP 109.199997
U554                      INV3            c35_CORELIB_TYP 36.400002 
U555                      NOR21           c35_CORELIB_TYP 54.599998 
U556                      NOR21           c35_CORELIB_TYP 54.599998 
U557                      INV3            c35_CORELIB_TYP 36.400002 
U558                      NOR21           c35_CORELIB_TYP 54.599998 
U559                      INV3            c35_CORELIB_TYP 36.400002 
U560                      NOR21           c35_CORELIB_TYP 54.599998 
U561                      INV3            c35_CORELIB_TYP 36.400002 
U562                      INV3            c35_CORELIB_TYP 36.400002 
U563                      NOR21           c35_CORELIB_TYP 54.599998 
U564                      INV3            c35_CORELIB_TYP 36.400002 
U565                      NOR21           c35_CORELIB_TYP 54.599998 
U566                      INV3            c35_CORELIB_TYP 36.400002 
U567                      NOR21           c35_CORELIB_TYP 54.599998 
U568                      INV3            c35_CORELIB_TYP 36.400002 
U569                      NOR21           c35_CORELIB_TYP 54.599998 
U570                      INV3            c35_CORELIB_TYP 36.400002 
U571                      NOR21           c35_CORELIB_TYP 54.599998 
U572                      INV3            c35_CORELIB_TYP 36.400002 
U573                      NOR21           c35_CORELIB_TYP 54.599998 
U574                      INV3            c35_CORELIB_TYP 36.400002 
U575                      NOR21           c35_CORELIB_TYP 54.599998 
U576                      INV3            c35_CORELIB_TYP 36.400002 
U577                      NOR21           c35_CORELIB_TYP 54.599998 
U578                      INV3            c35_CORELIB_TYP 36.400002 
U579                      NOR21           c35_CORELIB_TYP 54.599998 
U580                      INV3            c35_CORELIB_TYP 36.400002 
U581                      NOR21           c35_CORELIB_TYP 54.599998 
U582                      INV3            c35_CORELIB_TYP 36.400002 
U583                      NOR21           c35_CORELIB_TYP 54.599998 
U584                      INV3            c35_CORELIB_TYP 36.400002 
U585                      NOR21           c35_CORELIB_TYP 54.599998 
U586                      INV3            c35_CORELIB_TYP 36.400002 
U587                      NOR21           c35_CORELIB_TYP 54.599998 
U588                      XNR21           c35_CORELIB_TYP 109.199997
U589                      NOR21           c35_CORELIB_TYP 54.599998 
U590                      NOR21           c35_CORELIB_TYP 54.599998 
U591                      XOR21           c35_CORELIB_TYP 127.400002
U592                      NAND22          c35_CORELIB_TYP 54.599998 
U593                      NOR40           c35_CORELIB_TYP 72.800003 
U594                      NOR40           c35_CORELIB_TYP 72.800003 
U595                      XOR21           c35_CORELIB_TYP 127.400002
U596                      XOR21           c35_CORELIB_TYP 127.400002
U597                      XOR21           c35_CORELIB_TYP 127.400002
U598                      XOR21           c35_CORELIB_TYP 127.400002
U599                      XOR21           c35_CORELIB_TYP 127.400002
U600                      XOR21           c35_CORELIB_TYP 127.400002
U601                      XOR21           c35_CORELIB_TYP 127.400002
U602                      XOR21           c35_CORELIB_TYP 127.400002
U603                      XNR21           c35_CORELIB_TYP 109.199997
U604                      XNR21           c35_CORELIB_TYP 109.199997
U605                      XNR21           c35_CORELIB_TYP 109.199997
U606                      XNR21           c35_CORELIB_TYP 109.199997
U607                      XNR21           c35_CORELIB_TYP 109.199997
U608                      XNR21           c35_CORELIB_TYP 109.199997
U609                      XNR21           c35_CORELIB_TYP 109.199997
U610                      XNR21           c35_CORELIB_TYP 109.199997
U611                      XNR21           c35_CORELIB_TYP 109.199997
U612                      OAI222          c35_CORELIB_TYP 91.000000 
U613                      OAI222          c35_CORELIB_TYP 91.000000 
U614                      OAI212          c35_CORELIB_TYP 72.800003 
U615                      OAI212          c35_CORELIB_TYP 72.800003 
U616                      OAI212          c35_CORELIB_TYP 72.800003 
U617                      OAI212          c35_CORELIB_TYP 72.800003 
U618                      OAI212          c35_CORELIB_TYP 72.800003 
U619                      OAI212          c35_CORELIB_TYP 72.800003 
U620                      OAI212          c35_CORELIB_TYP 72.800003 
U621                      OAI212          c35_CORELIB_TYP 72.800003 
cell1/U3                  OAI212          c35_CORELIB_TYP 72.800003 
cell1/U5                  OAI212          c35_CORELIB_TYP 72.800003 
cell1/U25                 OAI212          c35_CORELIB_TYP 72.800003 
cell1/U27                 OAI212          c35_CORELIB_TYP 72.800003 
cell1/U29                 OAI212          c35_CORELIB_TYP 72.800003 
cell1/U31                 OAI212          c35_CORELIB_TYP 72.800003 
cell1/U33                 OAI212          c35_CORELIB_TYP 72.800003 
cell1/U35                 OAI212          c35_CORELIB_TYP 72.800003 
cell1/U37                 OAI212          c35_CORELIB_TYP 72.800003 
cell1/U39                 OAI212          c35_CORELIB_TYP 72.800003 
cell1/U41                 OAI212          c35_CORELIB_TYP 72.800003 
cell1/U43                 OAI212          c35_CORELIB_TYP 72.800003 
cell1/U45                 OAI212          c35_CORELIB_TYP 72.800003 
cell1/U47                 OAI212          c35_CORELIB_TYP 72.800003 
cell1/U49                 OAI212          c35_CORELIB_TYP 72.800003 
cell1/r71/U1_1            ADD32           c35_CORELIB_TYP 273.000000
                                                                    mo, r
cell1/r71/U1_2            ADD32           c35_CORELIB_TYP 273.000000
                                                                    mo, r
cell1/r71/U1_3            ADD32           c35_CORELIB_TYP 273.000000
                                                                    mo, r
cell1/r71/U1_4            ADD32           c35_CORELIB_TYP 273.000000
                                                                    mo, r
cell1/r71/U1_5            ADD32           c35_CORELIB_TYP 273.000000
                                                                    mo, r
cell1/r71/U1_6            ADD32           c35_CORELIB_TYP 273.000000
                                                                    mo, r
cell1/sub_69/U2_1         ADD32           c35_CORELIB_TYP 273.000000
                                                                    mo, r
cell1/sub_69/U2_2         ADD32           c35_CORELIB_TYP 273.000000
                                                                    mo, r
cell1/sub_69/U2_3         ADD32           c35_CORELIB_TYP 273.000000
                                                                    mo, r
cell1/sub_69/U2_4         ADD32           c35_CORELIB_TYP 273.000000
                                                                    mo, r
cell1/sub_69/U2_5         ADD32           c35_CORELIB_TYP 273.000000
                                                                    mo, r
cell1/sub_69/U2_6         ADD32           c35_CORELIB_TYP 273.000000
                                                                    mo, r
cell1/sub_69/U2_7         XOR31           c35_CORELIB_TYP 200.199997
                                                                    mo
cell1/sub_72/U2_1         ADD32           c35_CORELIB_TYP 273.000000
                                                                    mo, r
cell1/sub_72/U2_2         ADD32           c35_CORELIB_TYP 273.000000
                                                                    mo, r
cell1/sub_72/U2_3         ADD32           c35_CORELIB_TYP 273.000000
                                                                    mo, r
cell1/sub_72/U2_4         ADD32           c35_CORELIB_TYP 273.000000
                                                                    mo, r
cell1/sub_72/U2_5         ADD32           c35_CORELIB_TYP 273.000000
                                                                    mo, r
cell1/sub_72/U2_6         ADD32           c35_CORELIB_TYP 273.000000
                                                                    mo, r
cell1/sub_72/U2_7         XOR31           c35_CORELIB_TYP 200.199997
                                                                    mo
cell1/x_out_reg[0]        DF3             c35_CORELIB_TYP 273.000000
                                                                    n
cell1/x_out_reg[1]        DF3             c35_CORELIB_TYP 273.000000
                                                                    n
cell1/x_out_reg[2]        DF3             c35_CORELIB_TYP 273.000000
                                                                    n
cell1/x_out_reg[3]        DF3             c35_CORELIB_TYP 273.000000
                                                                    n
cell1/x_out_reg[4]        DF3             c35_CORELIB_TYP 273.000000
                                                                    n
cell1/x_out_reg[5]        DF3             c35_CORELIB_TYP 273.000000
                                                                    n
cell1/x_out_reg[6]        DF3             c35_CORELIB_TYP 273.000000
                                                                    n
cell1/x_out_reg[7]        DF3             c35_CORELIB_TYP 273.000000
                                                                    n
cell1/y_out_reg[0]        DF3             c35_CORELIB_TYP 273.000000
                                                                    n
cell1/y_out_reg[1]        DF3             c35_CORELIB_TYP 273.000000
                                                                    n
cell1/y_out_reg[2]        DF3             c35_CORELIB_TYP 273.000000
                                                                    n
cell1/y_out_reg[3]        DF3             c35_CORELIB_TYP 273.000000
                                                                    n
cell1/y_out_reg[4]        DF3             c35_CORELIB_TYP 273.000000
                                                                    n
cell1/y_out_reg[5]        DF3             c35_CORELIB_TYP 273.000000
                                                                    n
cell1/y_out_reg[6]        DF3             c35_CORELIB_TYP 273.000000
                                                                    n
cell1/y_out_reg[7]        DF3             c35_CORELIB_TYP 273.000000
                                                                    n
cell1/z_out_reg[0]        DF3             c35_CORELIB_TYP 273.000000
                                                                    n
cell1/z_out_reg[1]        DF3             c35_CORELIB_TYP 273.000000
                                                                    n
cell1/z_out_reg[2]        DF3             c35_CORELIB_TYP 273.000000
                                                                    n
cell1/z_out_reg[3]        DF3             c35_CORELIB_TYP 273.000000
                                                                    n
cell1/z_out_reg[4]        DF3             c35_CORELIB_TYP 273.000000
                                                                    n
cell1/z_out_reg[5]        DF3             c35_CORELIB_TYP 273.000000
                                                                    n
cell1/z_out_reg[6]        DF3             c35_CORELIB_TYP 273.000000
                                                                    n
cell1/z_out_reg[7]        DF3             c35_CORELIB_TYP 273.000000
                                                                    n
cell1/z_out_reg[8]        DF3             c35_CORELIB_TYP 273.000000
                                                                    n
cell2/U3                  OAI212          c35_CORELIB_TYP 72.800003 
cell2/U5                  OAI212          c35_CORELIB_TYP 72.800003 
cell2/U13                 OAI212          c35_CORELIB_TYP 72.800003 
cell2/U15                 OAI212          c35_CORELIB_TYP 72.800003 
cell2/U17                 OAI212          c35_CORELIB_TYP 72.800003 
cell2/U26                 OAI212          c35_CORELIB_TYP 72.800003 
cell2/U28                 OAI212          c35_CORELIB_TYP 72.800003 
cell2/U30                 OAI212          c35_CORELIB_TYP 72.800003 
cell2/U32                 OAI212          c35_CORELIB_TYP 72.800003 
cell2/U34                 OAI212          c35_CORELIB_TYP 72.800003 
cell2/U36                 OAI212          c35_CORELIB_TYP 72.800003 
cell2/U38                 OAI212          c35_CORELIB_TYP 72.800003 
cell2/U40                 OAI212          c35_CORELIB_TYP 72.800003 
cell2/U42                 OAI212          c35_CORELIB_TYP 72.800003 
cell2/U44                 OAI212          c35_CORELIB_TYP 72.800003 
cell2/U46                 OAI212          c35_CORELIB_TYP 72.800003 
cell2/U48                 OAI212          c35_CORELIB_TYP 72.800003 
cell2/U50                 OAI212          c35_CORELIB_TYP 72.800003 
cell2/add_68/U1_1         ADD32           c35_CORELIB_TYP 273.000000
                                                                    mo, r
cell2/add_68/U1_2         ADD32           c35_CORELIB_TYP 273.000000
                                                                    mo, r
cell2/add_68/U1_3         ADD32           c35_CORELIB_TYP 273.000000
                                                                    mo, r
cell2/add_68/U1_4         ADD32           c35_CORELIB_TYP 273.000000
                                                                    mo, r
cell2/add_68/U1_5         ADD32           c35_CORELIB_TYP 273.000000
                                                                    mo, r
cell2/add_68/U1_6         ADD32           c35_CORELIB_TYP 273.000000
                                                                    mo, r
cell2/add_73/U1_1         ADD32           c35_CORELIB_TYP 273.000000
                                                                    mo, r
cell2/add_73/U1_2         ADD32           c35_CORELIB_TYP 273.000000
                                                                    mo, r
cell2/add_73/U1_3         ADD32           c35_CORELIB_TYP 273.000000
                                                                    mo, r
cell2/add_73/U1_4         ADD32           c35_CORELIB_TYP 273.000000
                                                                    mo, r
cell2/add_73/U1_5         ADD32           c35_CORELIB_TYP 273.000000
                                                                    mo, r
cell2/add_73/U1_6         ADD32           c35_CORELIB_TYP 273.000000
                                                                    mo, r
cell2/add_73/U1_7         XOR31           c35_CORELIB_TYP 200.199997
                                                                    mo
cell2/sub_69/U2_1         ADD32           c35_CORELIB_TYP 273.000000
                                                                    mo, r
cell2/sub_69/U2_2         ADD32           c35_CORELIB_TYP 273.000000
                                                                    mo, r
cell2/sub_69/U2_3         ADD32           c35_CORELIB_TYP 273.000000
                                                                    mo, r
cell2/sub_69/U2_4         ADD32           c35_CORELIB_TYP 273.000000
                                                                    mo, r
cell2/sub_69/U2_5         ADD32           c35_CORELIB_TYP 273.000000
                                                                    mo, r
cell2/sub_69/U2_6         ADD32           c35_CORELIB_TYP 273.000000
                                                                    mo, r
cell2/sub_72/U2_1         ADD32           c35_CORELIB_TYP 273.000000
                                                                    mo, r
cell2/sub_72/U2_2         ADD32           c35_CORELIB_TYP 273.000000
                                                                    mo, r
cell2/sub_72/U2_3         ADD32           c35_CORELIB_TYP 273.000000
                                                                    mo, r
cell2/sub_72/U2_4         ADD32           c35_CORELIB_TYP 273.000000
                                                                    mo, r
cell2/sub_72/U2_5         ADD32           c35_CORELIB_TYP 273.000000
                                                                    mo, r
cell2/sub_72/U2_6         ADD32           c35_CORELIB_TYP 273.000000
                                                                    mo, r
cell2/sub_72/U2_7         XOR31           c35_CORELIB_TYP 200.199997
                                                                    mo
cell2/x_out_reg[0]        DF3             c35_CORELIB_TYP 273.000000
                                                                    n
cell2/x_out_reg[1]        DF3             c35_CORELIB_TYP 273.000000
                                                                    n
cell2/x_out_reg[2]        DF3             c35_CORELIB_TYP 273.000000
                                                                    n
cell2/x_out_reg[3]        DF3             c35_CORELIB_TYP 273.000000
                                                                    n
cell2/x_out_reg[4]        DF3             c35_CORELIB_TYP 273.000000
                                                                    n
cell2/x_out_reg[5]        DF3             c35_CORELIB_TYP 273.000000
                                                                    n
cell2/x_out_reg[6]        DF3             c35_CORELIB_TYP 273.000000
                                                                    n
cell2/x_out_reg[7]        DF3             c35_CORELIB_TYP 273.000000
                                                                    n
cell2/y_out_reg[0]        DF3             c35_CORELIB_TYP 273.000000
                                                                    n
cell2/y_out_reg[1]        DF3             c35_CORELIB_TYP 273.000000
                                                                    n
cell2/y_out_reg[2]        DF3             c35_CORELIB_TYP 273.000000
                                                                    n
cell2/y_out_reg[3]        DF3             c35_CORELIB_TYP 273.000000
                                                                    n
cell2/y_out_reg[4]        DF3             c35_CORELIB_TYP 273.000000
                                                                    n
cell2/y_out_reg[5]        DF3             c35_CORELIB_TYP 273.000000
                                                                    n
cell2/y_out_reg[6]        DF3             c35_CORELIB_TYP 273.000000
                                                                    n
cell2/y_out_reg[7]        DF3             c35_CORELIB_TYP 273.000000
                                                                    n
cell2/z_out_reg[0]        DF3             c35_CORELIB_TYP 273.000000
                                                                    n
cell2/z_out_reg[1]        DF3             c35_CORELIB_TYP 273.000000
                                                                    n
cell2/z_out_reg[2]        DF3             c35_CORELIB_TYP 273.000000
                                                                    n
cell2/z_out_reg[3]        DF3             c35_CORELIB_TYP 273.000000
                                                                    n
cell2/z_out_reg[4]        DF3             c35_CORELIB_TYP 273.000000
                                                                    n
cell2/z_out_reg[5]        DF3             c35_CORELIB_TYP 273.000000
                                                                    n
cell2/z_out_reg[6]        DF3             c35_CORELIB_TYP 273.000000
                                                                    n
cell2/z_out_reg[7]        DF3             c35_CORELIB_TYP 273.000000
                                                                    n
cell2/z_out_reg[8]        DF3             c35_CORELIB_TYP 273.000000
                                                                    n
cell3/U3                  OAI212          c35_CORELIB_TYP 72.800003 
cell3/U5                  OAI212          c35_CORELIB_TYP 72.800003 
cell3/U13                 OAI212          c35_CORELIB_TYP 72.800003 
cell3/U15                 OAI212          c35_CORELIB_TYP 72.800003 
cell3/U17                 OAI212          c35_CORELIB_TYP 72.800003 
cell3/U26                 OAI212          c35_CORELIB_TYP 72.800003 
cell3/U28                 OAI212          c35_CORELIB_TYP 72.800003 
cell3/U30                 OAI212          c35_CORELIB_TYP 72.800003 
cell3/U32                 OAI212          c35_CORELIB_TYP 72.800003 
cell3/U34                 OAI212          c35_CORELIB_TYP 72.800003 
cell3/U36                 OAI212          c35_CORELIB_TYP 72.800003 
cell3/U38                 OAI212          c35_CORELIB_TYP 72.800003 
cell3/U40                 OAI212          c35_CORELIB_TYP 72.800003 
cell3/U42                 OAI212          c35_CORELIB_TYP 72.800003 
cell3/U44                 OAI212          c35_CORELIB_TYP 72.800003 
cell3/U46                 OAI212          c35_CORELIB_TYP 72.800003 
cell3/U48                 OAI212          c35_CORELIB_TYP 72.800003 
cell3/U50                 OAI212          c35_CORELIB_TYP 72.800003 
cell3/add_68/U1_1         ADD32           c35_CORELIB_TYP 273.000000
                                                                    mo, r
cell3/add_68/U1_2         ADD32           c35_CORELIB_TYP 273.000000
                                                                    mo, r
cell3/add_68/U1_3         ADD32           c35_CORELIB_TYP 273.000000
                                                                    mo, r
cell3/add_68/U1_4         ADD32           c35_CORELIB_TYP 273.000000
                                                                    mo, r
cell3/add_68/U1_5         ADD32           c35_CORELIB_TYP 273.000000
                                                                    mo, r
cell3/add_68/U1_6         ADD32           c35_CORELIB_TYP 273.000000
                                                                    mo, r
cell3/add_73/U1_1         ADD32           c35_CORELIB_TYP 273.000000
                                                                    mo, r
cell3/add_73/U1_2         ADD32           c35_CORELIB_TYP 273.000000
                                                                    mo, r
cell3/add_73/U1_3         ADD32           c35_CORELIB_TYP 273.000000
                                                                    mo, r
cell3/add_73/U1_4         ADD32           c35_CORELIB_TYP 273.000000
                                                                    mo, r
cell3/add_73/U1_5         ADD32           c35_CORELIB_TYP 273.000000
                                                                    mo, r
cell3/add_73/U1_6         ADD32           c35_CORELIB_TYP 273.000000
                                                                    mo, r
cell3/add_73/U1_7         XOR31           c35_CORELIB_TYP 200.199997
                                                                    mo
cell3/sub_69/U2_1         ADD32           c35_CORELIB_TYP 273.000000
                                                                    mo, r
cell3/sub_69/U2_2         ADD32           c35_CORELIB_TYP 273.000000
                                                                    mo, r
cell3/sub_69/U2_3         ADD32           c35_CORELIB_TYP 273.000000
                                                                    mo, r
cell3/sub_69/U2_4         ADD32           c35_CORELIB_TYP 273.000000
                                                                    mo, r
cell3/sub_69/U2_5         ADD32           c35_CORELIB_TYP 273.000000
                                                                    mo, r
cell3/sub_69/U2_6         ADD32           c35_CORELIB_TYP 273.000000
                                                                    mo, r
cell3/sub_72/U2_1         ADD32           c35_CORELIB_TYP 273.000000
                                                                    mo, r
cell3/sub_72/U2_2         ADD32           c35_CORELIB_TYP 273.000000
                                                                    mo, r
cell3/sub_72/U2_3         ADD32           c35_CORELIB_TYP 273.000000
                                                                    mo, r
cell3/sub_72/U2_4         ADD32           c35_CORELIB_TYP 273.000000
                                                                    mo, r
cell3/sub_72/U2_5         ADD32           c35_CORELIB_TYP 273.000000
                                                                    mo, r
cell3/sub_72/U2_6         ADD32           c35_CORELIB_TYP 273.000000
                                                                    mo, r
cell3/sub_72/U2_7         XOR31           c35_CORELIB_TYP 200.199997
                                                                    mo
cell3/x_out_reg[0]        DF3             c35_CORELIB_TYP 273.000000
                                                                    n
cell3/x_out_reg[1]        DF3             c35_CORELIB_TYP 273.000000
                                                                    n
cell3/x_out_reg[2]        DF3             c35_CORELIB_TYP 273.000000
                                                                    n
cell3/x_out_reg[3]        DF3             c35_CORELIB_TYP 273.000000
                                                                    n
cell3/x_out_reg[4]        DF3             c35_CORELIB_TYP 273.000000
                                                                    n
cell3/x_out_reg[5]        DF3             c35_CORELIB_TYP 273.000000
                                                                    n
cell3/x_out_reg[6]        DF3             c35_CORELIB_TYP 273.000000
                                                                    n
cell3/x_out_reg[7]        DF3             c35_CORELIB_TYP 273.000000
                                                                    n
cell3/y_out_reg[0]        DF3             c35_CORELIB_TYP 273.000000
                                                                    n
cell3/y_out_reg[1]        DF3             c35_CORELIB_TYP 273.000000
                                                                    n
cell3/y_out_reg[2]        DF3             c35_CORELIB_TYP 273.000000
                                                                    n
cell3/y_out_reg[3]        DF3             c35_CORELIB_TYP 273.000000
                                                                    n
cell3/y_out_reg[4]        DF3             c35_CORELIB_TYP 273.000000
                                                                    n
cell3/y_out_reg[5]        DF3             c35_CORELIB_TYP 273.000000
                                                                    n
cell3/y_out_reg[6]        DF3             c35_CORELIB_TYP 273.000000
                                                                    n
cell3/y_out_reg[7]        DF3             c35_CORELIB_TYP 273.000000
                                                                    n
cell3/z_out_reg[0]        DF3             c35_CORELIB_TYP 273.000000
                                                                    n
cell3/z_out_reg[1]        DF3             c35_CORELIB_TYP 273.000000
                                                                    n
cell3/z_out_reg[2]        DF3             c35_CORELIB_TYP 273.000000
                                                                    n
cell3/z_out_reg[3]        DF3             c35_CORELIB_TYP 273.000000
                                                                    n
cell3/z_out_reg[4]        DF3             c35_CORELIB_TYP 273.000000
                                                                    n
cell3/z_out_reg[5]        DF3             c35_CORELIB_TYP 273.000000
                                                                    n
cell3/z_out_reg[6]        DF3             c35_CORELIB_TYP 273.000000
                                                                    n
cell3/z_out_reg[7]        DF3             c35_CORELIB_TYP 273.000000
                                                                    n
cell3/z_out_reg[8]        DF3             c35_CORELIB_TYP 273.000000
                                                                    n
cell4/U3                  OAI212          c35_CORELIB_TYP 72.800003 
cell4/U5                  OAI212          c35_CORELIB_TYP 72.800003 
cell4/U13                 OAI212          c35_CORELIB_TYP 72.800003 
cell4/U15                 OAI212          c35_CORELIB_TYP 72.800003 
cell4/U17                 OAI212          c35_CORELIB_TYP 72.800003 
cell4/U26                 OAI212          c35_CORELIB_TYP 72.800003 
cell4/U28                 OAI212          c35_CORELIB_TYP 72.800003 
cell4/U30                 OAI212          c35_CORELIB_TYP 72.800003 
cell4/U32                 OAI212          c35_CORELIB_TYP 72.800003 
cell4/U42                 OAI212          c35_CORELIB_TYP 72.800003 
cell4/U44                 OAI212          c35_CORELIB_TYP 72.800003 
cell4/U46                 OAI212          c35_CORELIB_TYP 72.800003 
cell4/U48                 OAI212          c35_CORELIB_TYP 72.800003 
cell4/U50                 OAI212          c35_CORELIB_TYP 72.800003 
cell4/add_68/U1_4         ADD32           c35_CORELIB_TYP 273.000000
                                                                    mo, r
cell4/add_68/U1_5         ADD32           c35_CORELIB_TYP 273.000000
                                                                    mo, r
cell4/add_68/U1_6         ADD32           c35_CORELIB_TYP 273.000000
                                                                    mo, r
cell4/add_73/U1_1         ADD32           c35_CORELIB_TYP 273.000000
                                                                    mo, r
cell4/add_73/U1_2         ADD32           c35_CORELIB_TYP 273.000000
                                                                    mo, r
cell4/add_73/U1_3         ADD32           c35_CORELIB_TYP 273.000000
                                                                    mo, r
cell4/add_73/U1_4         ADD32           c35_CORELIB_TYP 273.000000
                                                                    mo, r
cell4/add_73/U1_5         ADD32           c35_CORELIB_TYP 273.000000
                                                                    mo, r
cell4/add_73/U1_6         ADD32           c35_CORELIB_TYP 273.000000
                                                                    mo, r
cell4/add_73/U1_7         XOR31           c35_CORELIB_TYP 200.199997
                                                                    mo
cell4/sub_69/U2_1         ADD32           c35_CORELIB_TYP 273.000000
                                                                    mo, r
cell4/sub_69/U2_2         ADD32           c35_CORELIB_TYP 273.000000
                                                                    mo, r
cell4/sub_69/U2_3         ADD32           c35_CORELIB_TYP 273.000000
                                                                    mo, r
cell4/sub_69/U2_4         ADD32           c35_CORELIB_TYP 273.000000
                                                                    mo, r
cell4/sub_69/U2_5         ADD32           c35_CORELIB_TYP 273.000000
                                                                    mo, r
cell4/sub_69/U2_6         ADD32           c35_CORELIB_TYP 273.000000
                                                                    mo, r
cell4/sub_72/U2_4         ADD32           c35_CORELIB_TYP 273.000000
                                                                    mo, r
cell4/sub_72/U2_5         ADD32           c35_CORELIB_TYP 273.000000
                                                                    mo, r
cell4/sub_72/U2_6         ADD32           c35_CORELIB_TYP 273.000000
                                                                    mo, r
cell4/sub_72/U2_7         XOR31           c35_CORELIB_TYP 200.199997
                                                                    mo
cell4/x_out_reg[4]        DF3             c35_CORELIB_TYP 273.000000
                                                                    n
cell4/x_out_reg[5]        DF3             c35_CORELIB_TYP 273.000000
                                                                    n
cell4/x_out_reg[6]        DF3             c35_CORELIB_TYP 273.000000
                                                                    n
cell4/x_out_reg[7]        DF3             c35_CORELIB_TYP 273.000000
                                                                    n
cell4/y_out_reg[0]        DF3             c35_CORELIB_TYP 273.000000
                                                                    n
cell4/y_out_reg[1]        DF3             c35_CORELIB_TYP 273.000000
                                                                    n
cell4/y_out_reg[2]        DF3             c35_CORELIB_TYP 273.000000
                                                                    n
cell4/y_out_reg[3]        DF3             c35_CORELIB_TYP 273.000000
                                                                    n
cell4/y_out_reg[4]        DF3             c35_CORELIB_TYP 273.000000
                                                                    n
cell4/y_out_reg[5]        DF3             c35_CORELIB_TYP 273.000000
                                                                    n
cell4/y_out_reg[6]        DF3             c35_CORELIB_TYP 273.000000
                                                                    n
cell4/y_out_reg[7]        DF3             c35_CORELIB_TYP 273.000000
                                                                    n
cell4/z_out_reg[0]        DF3             c35_CORELIB_TYP 273.000000
                                                                    n
cell4/z_out_reg[1]        DF3             c35_CORELIB_TYP 273.000000
                                                                    n
cell4/z_out_reg[2]        DF3             c35_CORELIB_TYP 273.000000
                                                                    n
cell4/z_out_reg[3]        DF3             c35_CORELIB_TYP 273.000000
                                                                    n
cell4/z_out_reg[4]        DF3             c35_CORELIB_TYP 273.000000
                                                                    n
cell4/z_out_reg[5]        DF3             c35_CORELIB_TYP 273.000000
                                                                    n
cell4/z_out_reg[6]        DF3             c35_CORELIB_TYP 273.000000
                                                                    n
cell4/z_out_reg[7]        DF3             c35_CORELIB_TYP 273.000000
                                                                    n
cell4/z_out_reg[8]        DF3             c35_CORELIB_TYP 273.000000
                                                                    n
cell5/U3                  OAI212          c35_CORELIB_TYP 72.800003 
cell5/U5                  OAI212          c35_CORELIB_TYP 72.800003 
cell5/U13                 OAI212          c35_CORELIB_TYP 72.800003 
cell5/U15                 OAI212          c35_CORELIB_TYP 72.800003 
cell5/U17                 OAI212          c35_CORELIB_TYP 72.800003 
cell5/U42                 OAI212          c35_CORELIB_TYP 72.800003 
cell5/U44                 OAI212          c35_CORELIB_TYP 72.800003 
cell5/U46                 OAI212          c35_CORELIB_TYP 72.800003 
cell5/U48                 OAI212          c35_CORELIB_TYP 72.800003 
cell5/U50                 OAI212          c35_CORELIB_TYP 72.800003 
cell5/add_73/U1_1         ADD32           c35_CORELIB_TYP 273.000000
                                                                    mo, r
cell5/add_73/U1_2         ADD32           c35_CORELIB_TYP 273.000000
                                                                    mo, r
cell5/add_73/U1_3         ADD32           c35_CORELIB_TYP 273.000000
                                                                    mo, r
cell5/add_73/U1_4         ADD32           c35_CORELIB_TYP 273.000000
                                                                    mo, r
cell5/add_73/U1_5         ADD32           c35_CORELIB_TYP 273.000000
                                                                    mo, r
cell5/add_73/U1_6         ADD32           c35_CORELIB_TYP 273.000000
                                                                    mo, r
cell5/add_73/U1_7         XOR31           c35_CORELIB_TYP 200.199997
                                                                    mo
cell5/sub_69/U2_1         ADD32           c35_CORELIB_TYP 273.000000
                                                                    mo, r
cell5/sub_69/U2_2         ADD32           c35_CORELIB_TYP 273.000000
                                                                    mo, r
cell5/sub_69/U2_3         ADD32           c35_CORELIB_TYP 273.000000
                                                                    mo, r
cell5/sub_69/U2_4         ADD32           c35_CORELIB_TYP 273.000000
                                                                    mo, r
cell5/sub_69/U2_5         ADD32           c35_CORELIB_TYP 273.000000
                                                                    mo, r
cell5/sub_69/U2_6         ADD32           c35_CORELIB_TYP 273.000000
                                                                    mo, r
cell5/y_out_reg[0]        DF3             c35_CORELIB_TYP 273.000000
                                                                    n
cell5/y_out_reg[1]        DF3             c35_CORELIB_TYP 273.000000
                                                                    n
cell5/y_out_reg[2]        DF3             c35_CORELIB_TYP 273.000000
                                                                    n
cell5/y_out_reg[3]        DF3             c35_CORELIB_TYP 273.000000
                                                                    n
cell5/y_out_reg[4]        DF3             c35_CORELIB_TYP 273.000000
                                                                    n
cell5/y_out_reg[5]        DF3             c35_CORELIB_TYP 273.000000
                                                                    n
cell5/y_out_reg[6]        DF3             c35_CORELIB_TYP 273.000000
                                                                    n
cell5/y_out_reg[7]        DF3             c35_CORELIB_TYP 273.000000
                                                                    n
cell5/z_out_reg[0]        DF3             c35_CORELIB_TYP 273.000000
                                                                    n
cell5/z_out_reg[1]        DF3             c35_CORELIB_TYP 273.000000
                                                                    n
cell5/z_out_reg[2]        DF3             c35_CORELIB_TYP 273.000000
                                                                    n
cell5/z_out_reg[3]        DF3             c35_CORELIB_TYP 273.000000
                                                                    n
cell5/z_out_reg[4]        DF3             c35_CORELIB_TYP 273.000000
                                                                    n
cell5/z_out_reg[5]        DF3             c35_CORELIB_TYP 273.000000
                                                                    n
cell5/z_out_reg[6]        DF3             c35_CORELIB_TYP 273.000000
                                                                    n
cell5/z_out_reg[7]        DF3             c35_CORELIB_TYP 273.000000
                                                                    n
cell5/z_out_reg[8]        DF3             c35_CORELIB_TYP 273.000000
                                                                    n
cell6/U3                  OAI212          c35_CORELIB_TYP 72.800003 
cell6/U5                  OAI212          c35_CORELIB_TYP 72.800003 
cell6/U11                 OAI212          c35_CORELIB_TYP 72.800003 
cell6/U13                 OAI212          c35_CORELIB_TYP 72.800003 
cell6/U40                 OAI212          c35_CORELIB_TYP 72.800003 
cell6/U42                 OAI212          c35_CORELIB_TYP 72.800003 
cell6/U44                 OAI212          c35_CORELIB_TYP 72.800003 
cell6/U46                 OAI212          c35_CORELIB_TYP 72.800003 
cell6/U48                 OAI212          c35_CORELIB_TYP 72.800003 
cell6/add_67/U1_1_1       ADD22           c35_CORELIB_TYP 145.600006
                                                                    mo, r
cell6/add_67/U1_1_2       ADD22           c35_CORELIB_TYP 145.600006
                                                                    mo, r
cell6/add_67/U1_1_3       ADD22           c35_CORELIB_TYP 145.600006
                                                                    mo, r
cell6/add_67/U1_1_4       ADD22           c35_CORELIB_TYP 145.600006
                                                                    mo, r
cell6/add_67/U1_1_5       ADD22           c35_CORELIB_TYP 145.600006
                                                                    mo, r
cell6/add_67/U1_1_6       ADD22           c35_CORELIB_TYP 145.600006
                                                                    mo, r
cell6/add_67/U1_1_7       ADD22           c35_CORELIB_TYP 145.600006
                                                                    mo, r
cell6/z_out_reg[0]        DF3             c35_CORELIB_TYP 273.000000
                                                                    n
cell6/z_out_reg[1]        DF3             c35_CORELIB_TYP 273.000000
                                                                    n
cell6/z_out_reg[2]        DF3             c35_CORELIB_TYP 273.000000
                                                                    n
cell6/z_out_reg[3]        DF3             c35_CORELIB_TYP 273.000000
                                                                    n
cell6/z_out_reg[4]        DF3             c35_CORELIB_TYP 273.000000
                                                                    n
cell6/z_out_reg[5]        DF3             c35_CORELIB_TYP 273.000000
                                                                    n
cell6/z_out_reg[6]        DF3             c35_CORELIB_TYP 273.000000
                                                                    n
cell6/z_out_reg[7]        DF3             c35_CORELIB_TYP 273.000000
                                                                    n
cell6/z_out_reg[8]        DF3             c35_CORELIB_TYP 273.000000
                                                                    n
pp1/Iout_reg[0]           DF3             c35_CORELIB_TYP 273.000000
                                                                    n
pp1/Iout_reg[1]           DF3             c35_CORELIB_TYP 273.000000
                                                                    n
pp1/Iout_reg[2]           DF3             c35_CORELIB_TYP 273.000000
                                                                    n
pp1/Iout_reg[3]           DF3             c35_CORELIB_TYP 273.000000
                                                                    n
pp1/Iout_reg[4]           DF3             c35_CORELIB_TYP 273.000000
                                                                    n
pp1/Iout_reg[5]           DF3             c35_CORELIB_TYP 273.000000
                                                                    n
pp1/Iout_reg[6]           DF3             c35_CORELIB_TYP 273.000000
                                                                    n
pp1/Iout_reg[7]           DF3             c35_CORELIB_TYP 273.000000
                                                                    n
pp1/Qout_reg[0]           DF3             c35_CORELIB_TYP 273.000000
                                                                    n
pp1/Qout_reg[1]           DF3             c35_CORELIB_TYP 273.000000
                                                                    n
pp1/Qout_reg[2]           DF3             c35_CORELIB_TYP 273.000000
                                                                    n
pp1/Qout_reg[3]           DF3             c35_CORELIB_TYP 273.000000
                                                                    n
pp1/Qout_reg[4]           DF3             c35_CORELIB_TYP 273.000000
                                                                    n
pp1/Qout_reg[5]           DF3             c35_CORELIB_TYP 273.000000
                                                                    n
pp1/Qout_reg[6]           DF3             c35_CORELIB_TYP 273.000000
                                                                    n
pp1/Qout_reg[7]           DF3             c35_CORELIB_TYP 273.000000
                                                                    n
pp1/Z_reg[2]              DF3             c35_CORELIB_TYP 273.000000
                                                                    n
pp1/Z_reg[3]              DF3             c35_CORELIB_TYP 273.000000
                                                                    n
pp1/Z_reg[4]              DF3             c35_CORELIB_TYP 273.000000
                                                                    n
pp1/Z_reg[5]              DF3             c35_CORELIB_TYP 273.000000
                                                                    n
pp1/Z_reg[6]              DF3             c35_CORELIB_TYP 273.000000
                                                                    n
pp1/Z_reg[7]              DF3             c35_CORELIB_TYP 273.000000
                                                                    n
pp1/Z_reg[8]              DF3             c35_CORELIB_TYP 273.000000
                                                                    n
--------------------------------------------------------------------------------
Total 962 cells                                           117717.600258
1
